<?xml version="1.0" encoding="UTF-8"?>
<coverage generated="1533057327779" clover="3.2.0">
  <project timestamp="1533057327779" name="All files">
    <metrics statements="150" coveredstatements="86" conditionals="48" coveredconditionals="24" methods="79" coveredmethods="33" elements="277" coveredelements="143" complexity="0" loc="150" ncloc="150" packages="7" files="20" classes="20">
      <package name="tests">
        <metrics statements="1" coveredstatements="1" conditionals="0" coveredconditionals="0" methods="0" coveredmethods="0"/>
        <file name="setupTests.js" path="C:\Web\podcast app\podcast-tune\imports\tests\setupTests.js">
          <metrics statements="1" coveredstatements="1" conditionals="0" coveredconditionals="0" methods="0" coveredmethods="0"/>
          <line num="4" count="7" type="stmt"/>
        </file>
      </package>
      <package name="tests.fixtures">
        <metrics statements="0" coveredstatements="0" conditionals="0" coveredconditionals="0" methods="0" coveredmethods="0"/>
        <file name="userMocks.js" path="C:\Web\podcast app\podcast-tune\imports\tests\fixtures\userMocks.js">
          <metrics statements="0" coveredstatements="0" conditionals="0" coveredconditionals="0" methods="0" coveredmethods="0"/>
        </file>
      </package>
      <package name="tests.mocks">
        <metrics statements="7" coveredstatements="7" conditionals="1" coveredconditionals="0" methods="5" coveredmethods="5"/>
        <file name="accounts-base.js" path="C:\Web\podcast app\podcast-tune\imports\tests\mocks\accounts-base.js">
          <metrics statements="0" coveredstatements="0" conditionals="0" coveredconditionals="0" methods="0" coveredmethods="0"/>
        </file>
        <file name="meteor.js" path="C:\Web\podcast app\podcast-tune\imports\tests\mocks\meteor.js">
          <metrics statements="1" coveredstatements="1" conditionals="0" coveredconditionals="0" methods="0" coveredmethods="0"/>
          <line num="1" count="3" type="stmt"/>
        </file>
        <file name="react-meteor-data.js" path="C:\Web\podcast app\podcast-tune\imports\tests\mocks\react-meteor-data.js">
          <metrics statements="2" coveredstatements="2" conditionals="1" coveredconditionals="0" methods="3" coveredmethods="3"/>
          <line num="3" count="10" type="cond" truecount="0" falsecount="1"/>
          <line num="5" count="10" type="stmt"/>
        </file>
        <file name="session.js" path="C:\Web\podcast app\podcast-tune\imports\tests\mocks\session.js">
          <metrics statements="4" coveredstatements="4" conditionals="0" coveredconditionals="0" methods="2" coveredmethods="2"/>
          <line num="1" count="4" type="stmt"/>
          <line num="3" count="4" type="stmt"/>
          <line num="4" count="1" type="stmt"/>
          <line num="5" count="2" type="stmt"/>
        </file>
      </package>
      <package name="ui.components">
        <metrics statements="105" coveredstatements="71" conditionals="32" coveredconditionals="24" methods="53" coveredmethods="28"/>
        <file name="Auth.js" path="C:\Web\podcast app\podcast-tune\imports\ui\components\Auth.js">
          <metrics statements="36" coveredstatements="24" conditionals="14" coveredconditionals="13" methods="18" coveredmethods="9"/>
          <line num="16" count="7" type="stmt"/>
          <line num="18" count="7" type="stmt"/>
          <line num="24" count="7" type="stmt"/>
          <line num="25" count="7" type="stmt"/>
          <line num="26" count="7" type="stmt"/>
          <line num="30" count="1" type="stmt"/>
          <line num="38" count="0" type="stmt"/>
          <line num="42" count="10" type="stmt"/>
          <line num="43" count="10" type="stmt"/>
          <line num="49" count="0" type="stmt"/>
          <line num="55" count="0" type="stmt"/>
          <line num="66" count="0" type="stmt"/>
          <line num="72" count="0" type="stmt"/>
          <line num="84" count="2" type="stmt"/>
          <line num="87" count="4" type="cond" truecount="2" falsecount="0"/>
          <line num="88" count="2" type="cond" truecount="1" falsecount="1"/>
          <line num="90" count="2" type="stmt"/>
          <line num="92" count="2" type="stmt"/>
          <line num="99" count="1" type="stmt"/>
          <line num="100" count="0" type="stmt"/>
          <line num="101" count="0" type="stmt"/>
          <line num="102" count="0" type="stmt"/>
          <line num="116" count="4" type="stmt"/>
          <line num="117" count="4" type="stmt"/>
          <line num="118" count="4" type="cond" truecount="2" falsecount="0"/>
          <line num="119" count="1" type="stmt"/>
          <line num="127" count="3" type="cond" truecount="2" falsecount="0"/>
          <line num="128" count="1" type="stmt"/>
          <line num="139" count="0" type="stmt"/>
          <line num="140" count="0" type="stmt"/>
          <line num="147" count="12" type="stmt"/>
          <line num="149" count="12" type="stmt"/>
          <line num="155" count="0" type="stmt"/>
          <line num="164" count="1" type="stmt"/>
          <line num="175" count="2" type="stmt"/>
          <line num="182" count="0" type="stmt"/>
        </file>
        <file name="Footer.js" path="C:\Web\podcast app\podcast-tune\imports\ui\components\Footer.js">
          <metrics statements="2" coveredstatements="2" conditionals="0" coveredconditionals="0" methods="1" coveredmethods="1"/>
          <line num="4" count="1" type="stmt"/>
          <line num="5" count="1" type="stmt"/>
        </file>
        <file name="Header.js" path="C:\Web\podcast app\podcast-tune\imports\ui\components\Header.js">
          <metrics statements="8" coveredstatements="6" conditionals="2" coveredconditionals="1" methods="4" coveredmethods="2"/>
          <line num="8" count="1" type="stmt"/>
          <line num="9" count="2" type="stmt"/>
          <line num="11" count="1" type="stmt"/>
          <line num="21" count="1" type="stmt"/>
          <line num="27" count="0" type="stmt"/>
          <line num="28" count="0" type="stmt"/>
          <line num="34" count="1" type="stmt"/>
          <line num="51" count="1" type="stmt"/>
        </file>
        <file name="InnerHeader.js" path="C:\Web\podcast app\podcast-tune\imports\ui\components\InnerHeader.js">
          <metrics statements="7" coveredstatements="5" conditionals="4" coveredconditionals="4" methods="5" coveredmethods="3"/>
          <line num="8" count="1" type="stmt"/>
          <line num="9" count="5" type="stmt"/>
          <line num="15" count="0" type="stmt"/>
          <line num="23" count="1" type="stmt"/>
          <line num="37" count="1" type="stmt"/>
          <line num="40" count="1" type="stmt"/>
          <line num="46" count="0" type="stmt"/>
        </file>
        <file name="Login.js" path="C:\Web\podcast app\podcast-tune\imports\ui\components\Login.js">
          <metrics statements="21" coveredstatements="15" conditionals="6" coveredconditionals="2" methods="9" coveredmethods="6"/>
          <line num="8" count="4" type="stmt"/>
          <line num="10" count="4" type="stmt"/>
          <line num="14" count="4" type="stmt"/>
          <line num="15" count="4" type="stmt"/>
          <line num="19" count="4" type="stmt"/>
          <line num="23" count="1" type="stmt"/>
          <line num="25" count="1" type="stmt"/>
          <line num="26" count="1" type="stmt"/>
          <line num="28" count="1" type="stmt"/>
          <line num="30" count="1" type="stmt"/>
          <line num="31" count="0" type="cond" truecount="0" falsecount="2"/>
          <line num="32" count="0" type="stmt"/>
          <line num="34" count="0" type="cond" truecount="0" falsecount="2"/>
          <line num="35" count="0" type="stmt"/>
          <line num="36" count="0" type="stmt"/>
          <line num="42" count="6" type="stmt"/>
          <line num="49" count="1" type="stmt"/>
          <line num="77" count="1" type="stmt"/>
          <line num="86" count="3" type="stmt"/>
          <line num="93" count="3" type="stmt"/>
          <line num="98" count="0" type="stmt"/>
        </file>
        <file name="SideBar.js" path="C:\Web\podcast app\podcast-tune\imports\ui\components\SideBar.js">
          <metrics statements="8" coveredstatements="2" conditionals="0" coveredconditionals="0" methods="7" coveredmethods="1"/>
          <line num="8" count="1" type="stmt"/>
          <line num="9" count="1" type="stmt"/>
          <line num="15" count="0" type="stmt"/>
          <line num="20" count="0" type="stmt"/>
          <line num="28" count="0" type="stmt"/>
          <line num="36" count="0" type="stmt"/>
          <line num="44" count="0" type="stmt"/>
          <line num="57" count="0" type="stmt"/>
        </file>
        <file name="Signup.js" path="C:\Web\podcast app\podcast-tune\imports\ui\components\Signup.js">
          <metrics statements="23" coveredstatements="17" conditionals="6" coveredconditionals="4" methods="9" coveredmethods="6"/>
          <line num="8" count="5" type="stmt"/>
          <line num="9" count="5" type="stmt"/>
          <line num="13" count="5" type="stmt"/>
          <line num="14" count="5" type="stmt"/>
          <line num="18" count="5" type="stmt"/>
          <line num="22" count="2" type="stmt"/>
          <line num="24" count="2" type="stmt"/>
          <line num="25" count="2" type="stmt"/>
          <line num="27" count="2" type="cond" truecount="2" falsecount="0"/>
          <line num="28" count="1" type="stmt"/>
          <line num="33" count="1" type="stmt"/>
          <line num="35" count="1" type="stmt"/>
          <line num="36" count="0" type="cond" truecount="0" falsecount="2"/>
          <line num="37" count="0" type="stmt"/>
          <line num="39" count="0" type="stmt"/>
          <line num="40" count="0" type="stmt"/>
          <line num="41" count="0" type="stmt"/>
          <line num="47" count="8" type="stmt"/>
          <line num="54" count="2" type="stmt"/>
          <line num="82" count="1" type="stmt"/>
          <line num="91" count="3" type="stmt"/>
          <line num="97" count="3" type="stmt"/>
          <line num="102" count="0" type="stmt"/>
        </file>
      </package>
      <package name="ui.components.helpers">
        <metrics statements="37" coveredstatements="7" conditionals="15" coveredconditionals="0" methods="21" coveredmethods="0"/>
        <file name="Loader.js" path="C:\Web\podcast app\podcast-tune\imports\ui\components\helpers\Loader.js">
          <metrics statements="2" coveredstatements="1" conditionals="0" coveredconditionals="0" methods="1" coveredmethods="0"/>
          <line num="3" count="1" type="stmt"/>
          <line num="4" count="0" type="stmt"/>
        </file>
        <file name="ModalItem.js" path="C:\Web\podcast app\podcast-tune\imports\ui\components\helpers\ModalItem.js">
          <metrics statements="4" coveredstatements="3" conditionals="5" coveredconditionals="0" methods="1" coveredmethods="0"/>
          <line num="4" count="1" type="cond" truecount="0" falsecount="1"/>
          <line num="5" count="0" type="stmt"/>
          <line num="26" count="1" type="stmt"/>
          <line num="34" count="1" type="stmt"/>
        </file>
        <file name="SearchPopup.js" path="C:\Web\podcast app\podcast-tune\imports\ui\components\helpers\SearchPopup.js">
          <metrics statements="18" coveredstatements="1" conditionals="4" coveredconditionals="0" methods="12" coveredmethods="0"/>
          <line num="10" count="0" type="stmt"/>
          <line num="12" count="0" type="stmt"/>
          <line num="14" count="0" type="stmt"/>
          <line num="23" count="0" type="stmt"/>
          <line num="26" count="0" type="stmt"/>
          <line num="33" count="0" type="stmt"/>
          <line num="34" count="0" type="stmt"/>
          <line num="35" count="0" type="cond" truecount="0" falsecount="2"/>
          <line num="36" count="0" type="stmt"/>
          <line num="42" count="0" type="stmt"/>
          <line num="46" count="0" type="stmt"/>
          <line num="50" count="0" type="stmt"/>
          <line num="51" count="0" type="stmt"/>
          <line num="54" count="0" type="stmt"/>
          <line num="57" count="0" type="stmt"/>
          <line num="62" count="0" type="stmt"/>
          <line num="69" count="0" type="stmt"/>
          <line num="78" count="1" type="stmt"/>
        </file>
        <file name="SearchResults.js" path="C:\Web\podcast app\podcast-tune\imports\ui\components\helpers\SearchResults.js">
          <metrics statements="13" coveredstatements="2" conditionals="6" coveredconditionals="0" methods="7" coveredmethods="0"/>
          <line num="12" count="1" type="stmt"/>
          <line num="13" count="0" type="cond" truecount="0" falsecount="2"/>
          <line num="14" count="0" type="cond" truecount="0" falsecount="2"/>
          <line num="15" count="0" type="stmt"/>
          <line num="18" count="0" type="stmt"/>
          <line num="22" count="0" type="cond" truecount="0" falsecount="2"/>
          <line num="23" count="0" type="stmt"/>
          <line num="24" count="0" type="stmt"/>
          <line num="27" count="0" type="stmt"/>
          <line num="38" count="0" type="stmt"/>
          <line num="41" count="1" type="stmt"/>
          <line num="48" count="0" type="stmt"/>
          <line num="54" count="0" type="stmt"/>
        </file>
      </package>
      <package name="ui.queries">
        <metrics statements="0" coveredstatements="0" conditionals="0" coveredconditionals="0" methods="0" coveredmethods="0"/>
        <file name="doSearch.js" path="C:\Web\podcast app\podcast-tune\imports\ui\queries\doSearch.js">
          <metrics statements="0" coveredstatements="0" conditionals="0" coveredconditionals="0" methods="0" coveredmethods="0"/>
        </file>
        <file name="getLoggedUser.js" path="C:\Web\podcast app\podcast-tune\imports\ui\queries\getLoggedUser.js">
          <metrics statements="0" coveredstatements="0" conditionals="0" coveredconditionals="0" methods="0" coveredmethods="0"/>
        </file>
      </package>
      <package name="ui.utils">
        <metrics statements="0" coveredstatements="0" conditionals="0" coveredconditionals="0" methods="0" coveredmethods="0"/>
        <file name="logo.js" path="C:\Web\podcast app\podcast-tune\imports\ui\utils\logo.js">
          <metrics statements="0" coveredstatements="0" conditionals="0" coveredconditionals="0" methods="0" coveredmethods="0"/>
        </file>
      </package>
    </metrics>
  </project>
</coverage>
