{"C:\\Web\\podcast app\\podcast-tune\\imports\\tests\\setupTests.js": {"path":"C:\\Web\\podcast app\\podcast-tune\\imports\\tests\\setupTests.js","statementMap":{"0":{"start":{"line":4,"column":0},"end":{"line":6,"column":3}}},"fnMap":{},"branchMap":{},"s":{"0":7},"f":{},"b":{},"_coverageSchema":"332fd63041d2c1bcb487cc26dd0d5f7d97098a6c","hash":"6332d1e311b059a36703432becced127e0db6d2a"}
,"C:\\Web\\podcast app\\podcast-tune\\imports\\tests\\fixtures\\userMocks.js": {"path":"C:\\Web\\podcast app\\podcast-tune\\imports\\tests\\fixtures\\userMocks.js","statementMap":{},"fnMap":{},"branchMap":{},"s":{},"f":{},"b":{},"_coverageSchema":"332fd63041d2c1bcb487cc26dd0d5f7d97098a6c","hash":"9b9057e94e1ce856c8ccb8da4939305277186e19"}
,"C:\\Web\\podcast app\\podcast-tune\\imports\\tests\\mocks\\accounts-base.js": {"path":"C:\\Web\\podcast app\\podcast-tune\\imports\\tests\\mocks\\accounts-base.js","statementMap":{},"fnMap":{},"branchMap":{},"s":{},"f":{},"b":{},"_coverageSchema":"332fd63041d2c1bcb487cc26dd0d5f7d97098a6c","hash":"c824232d62929e0bbb945514a6338e7b66ec73b4"}
,"C:\\Web\\podcast app\\podcast-tune\\imports\\tests\\mocks\\meteor.js": {"path":"C:\\Web\\podcast app\\podcast-tune\\imports\\tests\\mocks\\meteor.js","statementMap":{"0":{"start":{"line":1,"column":22},"end":{"line":3,"column":1}}},"fnMap":{},"branchMap":{},"s":{"0":3},"f":{},"b":{},"_coverageSchema":"332fd63041d2c1bcb487cc26dd0d5f7d97098a6c","hash":"8592e6929a05ffe4e1f161852193b36d0b53db77"}
,"C:\\Web\\podcast app\\podcast-tune\\imports\\tests\\mocks\\react-meteor-data.js": {"path":"C:\\Web\\podcast app\\podcast-tune\\imports\\tests\\mocks\\react-meteor-data.js","statementMap":{"0":{"start":{"line":3,"column":24},"end":{"line":3,"column":71}},"1":{"start":{"line":3,"column":61},"end":{"line":3,"column":70}},"2":{"start":{"line":5,"column":27},"end":{"line":5,"column":78}},"3":{"start":{"line":5,"column":41},"end":{"line":5,"column":77}},"4":{"start":{"line":5,"column":54},"end":{"line":5,"column":76}}},"fnMap":{"0":{"name":"(anonymous_0)","decl":{"start":{"line":3,"column":32},"end":{"line":3,"column":33}},"loc":{"start":{"line":3,"column":61},"end":{"line":3,"column":70}},"line":3},"1":{"name":"(anonymous_1)","decl":{"start":{"line":5,"column":35},"end":{"line":5,"column":36}},"loc":{"start":{"line":5,"column":41},"end":{"line":5,"column":77}},"line":5},"2":{"name":"(anonymous_2)","decl":{"start":{"line":5,"column":49},"end":{"line":5,"column":50}},"loc":{"start":{"line":5,"column":54},"end":{"line":5,"column":76}},"line":5}},"branchMap":{"0":{"loc":{"start":{"line":3,"column":33},"end":{"line":3,"column":45}},"type":"default-arg","locations":[{"start":{"line":3,"column":43},"end":{"line":3,"column":45}}],"line":3}},"s":{"0":6,"1":10,"2":6,"3":10,"4":10},"f":{"0":10,"1":10,"2":10},"b":{"0":[0]},"_coverageSchema":"332fd63041d2c1bcb487cc26dd0d5f7d97098a6c","hash":"bd1015f917f4d2a7c54549460bfbf76b2764d596"}
,"C:\\Web\\podcast app\\podcast-tune\\imports\\tests\\mocks\\session.js": {"path":"C:\\Web\\podcast app\\podcast-tune\\imports\\tests\\mocks\\session.js","statementMap":{"0":{"start":{"line":1,"column":13},"end":{"line":1,"column":15}},"1":{"start":{"line":3,"column":23},"end":{"line":6,"column":1}},"2":{"start":{"line":4,"column":53},"end":{"line":4,"column":70}},"3":{"start":{"line":5,"column":43},"end":{"line":5,"column":52}}},"fnMap":{"0":{"name":"(anonymous_0)","decl":{"start":{"line":4,"column":36},"end":{"line":4,"column":37}},"loc":{"start":{"line":4,"column":53},"end":{"line":4,"column":70}},"line":4},"1":{"name":"(anonymous_1)","decl":{"start":{"line":5,"column":36},"end":{"line":5,"column":37}},"loc":{"start":{"line":5,"column":43},"end":{"line":5,"column":52}},"line":5}},"branchMap":{},"s":{"0":4,"1":4,"2":1,"3":2},"f":{"0":1,"1":2},"b":{},"_coverageSchema":"332fd63041d2c1bcb487cc26dd0d5f7d97098a6c","hash":"0ac51c3978bf484432d6c8b9021fb3cc6453a080"}
,"C:\\Web\\podcast app\\podcast-tune\\imports\\ui\\components\\Auth.js": {"path":"C:\\Web\\podcast app\\podcast-tune\\imports\\ui\\components\\Auth.js","statementMap":{"0":{"start":{"line":16,"column":4},"end":{"line":16,"column":17}},"1":{"start":{"line":18,"column":4},"end":{"line":22,"column":6}},"2":{"start":{"line":24,"column":4},"end":{"line":24,"column":57}},"3":{"start":{"line":25,"column":4},"end":{"line":25,"column":47}},"4":{"start":{"line":26,"column":4},"end":{"line":26,"column":47}},"5":{"start":{"line":30,"column":4},"end":{"line":34,"column":7}},"6":{"start":{"line":38,"column":4},"end":{"line":38,"column":26}},"7":{"start":{"line":42,"column":29},"end":{"line":42,"column":39}},"8":{"start":{"line":43,"column":4},"end":{"line":80,"column":6}},"9":{"start":{"line":49,"column":12},"end":{"line":57,"column":13}},"10":{"start":{"line":55,"column":16},"end":{"line":55,"column":31}},"11":{"start":{"line":66,"column":12},"end":{"line":74,"column":13}},"12":{"start":{"line":72,"column":16},"end":{"line":72,"column":31}},"13":{"start":{"line":84,"column":4},"end":{"line":112,"column":6}},"14":{"start":{"line":87,"column":10},"end":{"line":87,"column":35}},"15":{"start":{"line":87,"column":23},"end":{"line":87,"column":35}},"16":{"start":{"line":88,"column":10},"end":{"line":88,"column":33}},"17":{"start":{"line":88,"column":21},"end":{"line":88,"column":33}},"18":{"start":{"line":90,"column":43},"end":{"line":90,"column":53}},"19":{"start":{"line":92,"column":10},"end":{"line":109,"column":12}},"20":{"start":{"line":99,"column":18},"end":{"line":103,"column":21}},"21":{"start":{"line":100,"column":20},"end":{"line":100,"column":40}},"22":{"start":{"line":101,"column":20},"end":{"line":101,"column":55}},"23":{"start":{"line":102,"column":20},"end":{"line":102,"column":35}},"24":{"start":{"line":116,"column":42},"end":{"line":116,"column":52}},"25":{"start":{"line":117,"column":23},"end":{"line":117,"column":33}},"26":{"start":{"line":118,"column":4},"end":{"line":126,"column":8}},"27":{"start":{"line":119,"column":6},"end":{"line":126,"column":8}},"28":{"start":{"line":127,"column":4},"end":{"line":135,"column":8}},"29":{"start":{"line":128,"column":6},"end":{"line":135,"column":8}},"30":{"start":{"line":139,"column":42},"end":{"line":139,"column":52}},"31":{"start":{"line":140,"column":4},"end":{"line":143,"column":7}},"32":{"start":{"line":147,"column":41},"end":{"line":147,"column":51}},"33":{"start":{"line":149,"column":4},"end":{"line":171,"column":6}},"34":{"start":{"line":155,"column":34},"end":{"line":155,"column":55}},"35":{"start":{"line":164,"column":31},"end":{"line":164,"column":52}},"36":{"start":{"line":175,"column":0},"end":{"line":179,"column":2}},"37":{"start":{"line":182,"column":2},"end":{"line":182,"column":66}}},"fnMap":{"0":{"name":"(anonymous_0)","decl":{"start":{"line":15,"column":2},"end":{"line":15,"column":3}},"loc":{"start":{"line":15,"column":21},"end":{"line":27,"column":3}},"line":15},"1":{"name":"(anonymous_1)","decl":{"start":{"line":29,"column":2},"end":{"line":29,"column":3}},"loc":{"start":{"line":29,"column":19},"end":{"line":35,"column":3}},"line":29},"2":{"name":"(anonymous_2)","decl":{"start":{"line":37,"column":2},"end":{"line":37,"column":3}},"loc":{"start":{"line":37,"column":14},"end":{"line":39,"column":3}},"line":37},"3":{"name":"(anonymous_3)","decl":{"start":{"line":41,"column":2},"end":{"line":41,"column":3}},"loc":{"start":{"line":41,"column":17},"end":{"line":81,"column":3}},"line":41},"4":{"name":"(anonymous_4)","decl":{"start":{"line":48,"column":19},"end":{"line":48,"column":20}},"loc":{"start":{"line":49,"column":12},"end":{"line":57,"column":13}},"line":49},"5":{"name":"(anonymous_5)","decl":{"start":{"line":54,"column":14},"end":{"line":54,"column":15}},"loc":{"start":{"line":54,"column":20},"end":{"line":56,"column":15}},"line":54},"6":{"name":"(anonymous_6)","decl":{"start":{"line":65,"column":19},"end":{"line":65,"column":20}},"loc":{"start":{"line":66,"column":12},"end":{"line":74,"column":13}},"line":66},"7":{"name":"(anonymous_7)","decl":{"start":{"line":71,"column":14},"end":{"line":71,"column":15}},"loc":{"start":{"line":71,"column":20},"end":{"line":73,"column":15}},"line":71},"8":{"name":"(anonymous_8)","decl":{"start":{"line":83,"column":2},"end":{"line":83,"column":3}},"loc":{"start":{"line":83,"column":18},"end":{"line":113,"column":3}},"line":83},"9":{"name":"(anonymous_9)","decl":{"start":{"line":86,"column":9},"end":{"line":86,"column":10}},"loc":{"start":{"line":86,"column":39},"end":{"line":110,"column":9}},"line":86},"10":{"name":"(anonymous_10)","decl":{"start":{"line":98,"column":25},"end":{"line":98,"column":26}},"loc":{"start":{"line":98,"column":31},"end":{"line":104,"column":17}},"line":98},"11":{"name":"(anonymous_11)","decl":{"start":{"line":99,"column":36},"end":{"line":99,"column":37}},"loc":{"start":{"line":99,"column":42},"end":{"line":103,"column":19}},"line":99},"12":{"name":"(anonymous_12)","decl":{"start":{"line":115,"column":2},"end":{"line":115,"column":3}},"loc":{"start":{"line":115,"column":17},"end":{"line":136,"column":3}},"line":115},"13":{"name":"(anonymous_13)","decl":{"start":{"line":138,"column":2},"end":{"line":138,"column":3}},"loc":{"start":{"line":138,"column":14},"end":{"line":144,"column":3}},"line":138},"14":{"name":"(anonymous_14)","decl":{"start":{"line":146,"column":2},"end":{"line":146,"column":3}},"loc":{"start":{"line":146,"column":11},"end":{"line":172,"column":3}},"line":146},"15":{"name":"(anonymous_15)","decl":{"start":{"line":155,"column":28},"end":{"line":155,"column":29}},"loc":{"start":{"line":155,"column":34},"end":{"line":155,"column":55}},"line":155},"16":{"name":"(anonymous_16)","decl":{"start":{"line":164,"column":25},"end":{"line":164,"column":26}},"loc":{"start":{"line":164,"column":31},"end":{"line":164,"column":52}},"line":164},"17":{"name":"(anonymous_17)","decl":{"start":{"line":181,"column":27},"end":{"line":181,"column":28}},"loc":{"start":{"line":181,"column":33},"end":{"line":183,"column":1}},"line":181}},"branchMap":{"0":{"loc":{"start":{"line":87,"column":10},"end":{"line":87,"column":35}},"type":"if","locations":[{"start":{"line":87,"column":10},"end":{"line":87,"column":35}},{"start":{"line":87,"column":10},"end":{"line":87,"column":35}}],"line":87},"1":{"loc":{"start":{"line":88,"column":10},"end":{"line":88,"column":33}},"type":"if","locations":[{"start":{"line":88,"column":10},"end":{"line":88,"column":33}},{"start":{"line":88,"column":10},"end":{"line":88,"column":33}}],"line":88},"2":{"loc":{"start":{"line":118,"column":4},"end":{"line":126,"column":8}},"type":"if","locations":[{"start":{"line":118,"column":4},"end":{"line":126,"column":8}},{"start":{"line":118,"column":4},"end":{"line":126,"column":8}}],"line":118},"3":{"loc":{"start":{"line":127,"column":4},"end":{"line":135,"column":8}},"type":"if","locations":[{"start":{"line":127,"column":4},"end":{"line":135,"column":8}},{"start":{"line":127,"column":4},"end":{"line":135,"column":8}}],"line":127},"4":{"loc":{"start":{"line":151,"column":9},"end":{"line":151,"column":75}},"type":"cond-expr","locations":[{"start":{"line":151,"column":33},"end":{"line":151,"column":53}},{"start":{"line":151,"column":56},"end":{"line":151,"column":75}}],"line":151},"5":{"loc":{"start":{"line":152,"column":9},"end":{"line":169,"column":16}},"type":"cond-expr","locations":[{"start":{"line":153,"column":10},"end":{"line":168,"column":18}},{"start":{"line":169,"column":12},"end":{"line":169,"column":16}}],"line":152},"6":{"loc":{"start":{"line":161,"column":44},"end":{"line":161,"column":74}},"type":"cond-expr","locations":[{"start":{"line":161,"column":58},"end":{"line":161,"column":65}},{"start":{"line":161,"column":68},"end":{"line":161,"column":74}}],"line":161}},"s":{"0":7,"1":7,"2":7,"3":7,"4":7,"5":1,"6":0,"7":10,"8":10,"9":0,"10":0,"11":0,"12":0,"13":2,"14":4,"15":2,"16":2,"17":0,"18":2,"19":2,"20":1,"21":0,"22":0,"23":0,"24":4,"25":4,"26":4,"27":1,"28":3,"29":1,"30":0,"31":0,"32":12,"33":12,"34":0,"35":1,"36":2,"37":0},"f":{"0":7,"1":1,"2":0,"3":10,"4":0,"5":0,"6":0,"7":0,"8":2,"9":4,"10":1,"11":0,"12":4,"13":0,"14":12,"15":0,"16":1,"17":0},"b":{"0":[2,2],"1":[0,2],"2":[1,3],"3":[1,2],"4":[2,10],"5":[4,8],"6":[1,3]},"_coverageSchema":"332fd63041d2c1bcb487cc26dd0d5f7d97098a6c","hash":"a17fee80857edc4540b0cc8b8b9871caaf85a352"}
,"C:\\Web\\podcast app\\podcast-tune\\imports\\ui\\components\\Footer.js": {"path":"C:\\Web\\podcast app\\podcast-tune\\imports\\ui\\components\\Footer.js","statementMap":{"0":{"start":{"line":4,"column":15},"end":{"line":19,"column":1}},"1":{"start":{"line":5,"column":2},"end":{"line":18,"column":4}}},"fnMap":{"0":{"name":"(anonymous_0)","decl":{"start":{"line":4,"column":15},"end":{"line":4,"column":16}},"loc":{"start":{"line":4,"column":21},"end":{"line":19,"column":1}},"line":4}},"branchMap":{},"s":{"0":1,"1":1},"f":{"0":1},"b":{},"_coverageSchema":"332fd63041d2c1bcb487cc26dd0d5f7d97098a6c","hash":"6197a68ad9ed344b83b17e7475b924e1ec6c5ac5"}
,"C:\\Web\\podcast app\\podcast-tune\\imports\\ui\\components\\Header.js": {"path":"C:\\Web\\podcast app\\podcast-tune\\imports\\ui\\components\\Header.js","statementMap":{"0":{"start":{"line":8,"column":22},"end":{"line":19,"column":1}},"1":{"start":{"line":9,"column":2},"end":{"line":18,"column":4}},"2":{"start":{"line":11,"column":61},"end":{"line":11,"column":78}},"3":{"start":{"line":21,"column":0},"end":{"line":24,"column":2}},"4":{"start":{"line":27,"column":2},"end":{"line":30,"column":4}},"5":{"start":{"line":28,"column":27},"end":{"line":28,"column":78}},"6":{"start":{"line":34,"column":2},"end":{"line":47,"column":8}},"7":{"start":{"line":51,"column":2},"end":{"line":75,"column":8}}},"fnMap":{"0":{"name":"(anonymous_0)","decl":{"start":{"line":8,"column":22},"end":{"line":8,"column":23}},"loc":{"start":{"line":8,"column":58},"end":{"line":19,"column":1}},"line":8},"1":{"name":"(anonymous_1)","decl":{"start":{"line":11,"column":55},"end":{"line":11,"column":56}},"loc":{"start":{"line":11,"column":61},"end":{"line":11,"column":78}},"line":11},"2":{"name":"(anonymous_2)","decl":{"start":{"line":26,"column":27},"end":{"line":26,"column":28}},"loc":{"start":{"line":26,"column":33},"end":{"line":31,"column":1}},"line":26},"3":{"name":"(anonymous_3)","decl":{"start":{"line":28,"column":21},"end":{"line":28,"column":22}},"loc":{"start":{"line":28,"column":27},"end":{"line":28,"column":78}},"line":28}},"branchMap":{"0":{"loc":{"start":{"line":12,"column":9},"end":{"line":12,"column":35}},"type":"cond-expr","locations":[{"start":{"line":12,"column":21},"end":{"line":12,"column":25}},{"start":{"line":12,"column":28},"end":{"line":12,"column":35}}],"line":12}},"s":{"0":1,"1":2,"2":1,"3":1,"4":0,"5":0,"6":1,"7":1},"f":{"0":2,"1":1,"2":0,"3":0},"b":{"0":[0,2]},"_coverageSchema":"332fd63041d2c1bcb487cc26dd0d5f7d97098a6c","hash":"11ed3a17a477d5a7f3aee95201e8573747d78fa8"}
,"C:\\Web\\podcast app\\podcast-tune\\imports\\ui\\components\\InnerHeader.js": {"path":"C:\\Web\\podcast app\\podcast-tune\\imports\\ui\\components\\InnerHeader.js","statementMap":{"0":{"start":{"line":8,"column":27},"end":{"line":34,"column":1}},"1":{"start":{"line":9,"column":2},"end":{"line":33,"column":4}},"2":{"start":{"line":15,"column":25},"end":{"line":15,"column":44}},"3":{"start":{"line":23,"column":27},"end":{"line":23,"column":44}},"4":{"start":{"line":37,"column":2},"end":{"line":37,"column":41}},"5":{"start":{"line":40,"column":0},"end":{"line":43,"column":2}},"6":{"start":{"line":46,"column":2},"end":{"line":48,"column":4}}},"fnMap":{"0":{"name":"(anonymous_0)","decl":{"start":{"line":8,"column":27},"end":{"line":8,"column":28}},"loc":{"start":{"line":8,"column":61},"end":{"line":34,"column":1}},"line":8},"1":{"name":"(anonymous_1)","decl":{"start":{"line":15,"column":19},"end":{"line":15,"column":20}},"loc":{"start":{"line":15,"column":25},"end":{"line":15,"column":44}},"line":15},"2":{"name":"(anonymous_2)","decl":{"start":{"line":23,"column":21},"end":{"line":23,"column":22}},"loc":{"start":{"line":23,"column":27},"end":{"line":23,"column":44}},"line":23},"3":{"name":"openSearchModal","decl":{"start":{"line":36,"column":9},"end":{"line":36,"column":24}},"loc":{"start":{"line":36,"column":27},"end":{"line":38,"column":1}},"line":36},"4":{"name":"(anonymous_4)","decl":{"start":{"line":45,"column":27},"end":{"line":45,"column":28}},"loc":{"start":{"line":45,"column":33},"end":{"line":49,"column":1}},"line":45}},"branchMap":{"0":{"loc":{"start":{"line":11,"column":7},"end":{"line":11,"column":70}},"type":"cond-expr","locations":[{"start":{"line":11,"column":15},"end":{"line":11,"column":63}},{"start":{"line":11,"column":66},"end":{"line":11,"column":70}}],"line":11},"1":{"loc":{"start":{"line":27,"column":11},"end":{"line":29,"column":18}},"type":"cond-expr","locations":[{"start":{"line":28,"column":12},"end":{"line":28,"column":65}},{"start":{"line":29,"column":14},"end":{"line":29,"column":18}}],"line":27}},"s":{"0":1,"1":5,"2":0,"3":1,"4":1,"5":1,"6":0},"f":{"0":5,"1":0,"2":1,"3":1,"4":0},"b":{"0":[1,4],"1":[1,4]},"_coverageSchema":"332fd63041d2c1bcb487cc26dd0d5f7d97098a6c","hash":"a96cbcfe8915398003abb1380a85bf55386d33a3"}
,"C:\\Web\\podcast app\\podcast-tune\\imports\\ui\\components\\Login.js": {"path":"C:\\Web\\podcast app\\podcast-tune\\imports\\ui\\components\\Login.js","statementMap":{"0":{"start":{"line":8,"column":4},"end":{"line":8,"column":17}},"1":{"start":{"line":10,"column":4},"end":{"line":12,"column":6}},"2":{"start":{"line":14,"column":4},"end":{"line":14,"column":35}},"3":{"start":{"line":15,"column":4},"end":{"line":15,"column":38}},"4":{"start":{"line":19,"column":4},"end":{"line":19,"column":31}},"5":{"start":{"line":23,"column":4},"end":{"line":23,"column":27}},"6":{"start":{"line":25,"column":16},"end":{"line":25,"column":47}},"7":{"start":{"line":26,"column":19},"end":{"line":26,"column":53}},"8":{"start":{"line":28,"column":51},"end":{"line":28,"column":61}},"9":{"start":{"line":30,"column":4},"end":{"line":38,"column":7}},"10":{"start":{"line":31,"column":21},"end":{"line":31,"column":76}},"11":{"start":{"line":32,"column":6},"end":{"line":32,"column":39}},"12":{"start":{"line":34,"column":6},"end":{"line":37,"column":7}},"13":{"start":{"line":35,"column":8},"end":{"line":35,"column":18}},"14":{"start":{"line":36,"column":8},"end":{"line":36,"column":28}},"15":{"start":{"line":42,"column":4},"end":{"line":82,"column":6}},"16":{"start":{"line":49,"column":29},"end":{"line":49,"column":45}},"17":{"start":{"line":77,"column":25},"end":{"line":77,"column":44}},"18":{"start":{"line":86,"column":0},"end":{"line":91,"column":2}},"19":{"start":{"line":93,"column":0},"end":{"line":95,"column":2}},"20":{"start":{"line":98,"column":2},"end":{"line":100,"column":4}}},"fnMap":{"0":{"name":"(anonymous_0)","decl":{"start":{"line":7,"column":2},"end":{"line":7,"column":3}},"loc":{"start":{"line":7,"column":21},"end":{"line":16,"column":3}},"line":7},"1":{"name":"(anonymous_1)","decl":{"start":{"line":18,"column":2},"end":{"line":18,"column":3}},"loc":{"start":{"line":18,"column":22},"end":{"line":20,"column":3}},"line":18},"2":{"name":"(anonymous_2)","decl":{"start":{"line":22,"column":2},"end":{"line":22,"column":3}},"loc":{"start":{"line":22,"column":18},"end":{"line":39,"column":3}},"line":22},"3":{"name":"(anonymous_3)","decl":{"start":{"line":30,"column":43},"end":{"line":30,"column":44}},"loc":{"start":{"line":30,"column":50},"end":{"line":38,"column":5}},"line":30},"4":{"name":"(anonymous_4)","decl":{"start":{"line":41,"column":2},"end":{"line":41,"column":3}},"loc":{"start":{"line":41,"column":11},"end":{"line":83,"column":3}},"line":41},"5":{"name":"(anonymous_5)","decl":{"start":{"line":49,"column":24},"end":{"line":49,"column":25}},"loc":{"start":{"line":49,"column":29},"end":{"line":49,"column":45}},"line":49},"6":{"name":"(anonymous_6)","decl":{"start":{"line":77,"column":19},"end":{"line":77,"column":20}},"loc":{"start":{"line":77,"column":25},"end":{"line":77,"column":44}},"line":77},"7":{"name":"(anonymous_7)","decl":{"start":{"line":94,"column":21},"end":{"line":94,"column":22}},"loc":{"start":{"line":94,"column":27},"end":{"line":94,"column":29}},"line":94},"8":{"name":"(anonymous_8)","decl":{"start":{"line":97,"column":27},"end":{"line":97,"column":28}},"loc":{"start":{"line":97,"column":33},"end":{"line":101,"column":1}},"line":97}},"branchMap":{"0":{"loc":{"start":{"line":31,"column":21},"end":{"line":31,"column":76}},"type":"cond-expr","locations":[{"start":{"line":31,"column":27},"end":{"line":31,"column":71}},{"start":{"line":31,"column":74},"end":{"line":31,"column":76}}],"line":31},"1":{"loc":{"start":{"line":34,"column":6},"end":{"line":37,"column":7}},"type":"if","locations":[{"start":{"line":34,"column":6},"end":{"line":37,"column":7}},{"start":{"line":34,"column":6},"end":{"line":37,"column":7}}],"line":34},"2":{"loc":{"start":{"line":44,"column":9},"end":{"line":48,"column":9}},"type":"cond-expr","locations":[{"start":{"line":45,"column":10},"end":{"line":45,"column":65}},{"start":{"line":47,"column":10},"end":{"line":47,"column":19}}],"line":44}},"s":{"0":4,"1":4,"2":4,"3":4,"4":4,"5":1,"6":1,"7":1,"8":1,"9":1,"10":0,"11":0,"12":0,"13":0,"14":0,"15":6,"16":1,"17":1,"18":3,"19":3,"20":0},"f":{"0":4,"1":4,"2":1,"3":0,"4":6,"5":1,"6":1,"7":0,"8":0},"b":{"0":[0,0],"1":[0,0],"2":[1,5]},"_coverageSchema":"332fd63041d2c1bcb487cc26dd0d5f7d97098a6c","hash":"df5f050484d76373e6d5cd58e0d41516eb39ddae"}
,"C:\\Web\\podcast app\\podcast-tune\\imports\\ui\\components\\SideBar.js": {"path":"C:\\Web\\podcast app\\podcast-tune\\imports\\ui\\components\\SideBar.js","statementMap":{"0":{"start":{"line":8,"column":16},"end":{"line":54,"column":1}},"1":{"start":{"line":9,"column":2},"end":{"line":53,"column":4}},"2":{"start":{"line":15,"column":29},"end":{"line":15,"column":43}},"3":{"start":{"line":20,"column":25},"end":{"line":20,"column":39}},"4":{"start":{"line":28,"column":25},"end":{"line":28,"column":39}},"5":{"start":{"line":36,"column":25},"end":{"line":36,"column":39}},"6":{"start":{"line":44,"column":25},"end":{"line":44,"column":39}},"7":{"start":{"line":57,"column":2},"end":{"line":57,"column":34}}},"fnMap":{"0":{"name":"(anonymous_0)","decl":{"start":{"line":8,"column":16},"end":{"line":8,"column":17}},"loc":{"start":{"line":8,"column":22},"end":{"line":54,"column":1}},"line":8},"1":{"name":"(anonymous_1)","decl":{"start":{"line":15,"column":23},"end":{"line":15,"column":24}},"loc":{"start":{"line":15,"column":29},"end":{"line":15,"column":43}},"line":15},"2":{"name":"(anonymous_2)","decl":{"start":{"line":20,"column":19},"end":{"line":20,"column":20}},"loc":{"start":{"line":20,"column":25},"end":{"line":20,"column":39}},"line":20},"3":{"name":"(anonymous_3)","decl":{"start":{"line":28,"column":19},"end":{"line":28,"column":20}},"loc":{"start":{"line":28,"column":25},"end":{"line":28,"column":39}},"line":28},"4":{"name":"(anonymous_4)","decl":{"start":{"line":36,"column":19},"end":{"line":36,"column":20}},"loc":{"start":{"line":36,"column":25},"end":{"line":36,"column":39}},"line":36},"5":{"name":"(anonymous_5)","decl":{"start":{"line":44,"column":19},"end":{"line":44,"column":20}},"loc":{"start":{"line":44,"column":25},"end":{"line":44,"column":39}},"line":44},"6":{"name":"closeSidebar","decl":{"start":{"line":56,"column":9},"end":{"line":56,"column":21}},"loc":{"start":{"line":56,"column":24},"end":{"line":58,"column":1}},"line":56}},"branchMap":{},"s":{"0":1,"1":1,"2":0,"3":0,"4":0,"5":0,"6":0,"7":0},"f":{"0":1,"1":0,"2":0,"3":0,"4":0,"5":0,"6":0},"b":{},"_coverageSchema":"332fd63041d2c1bcb487cc26dd0d5f7d97098a6c","hash":"cda86ce9a2f5bb23b2e2a429c268eef606adb364"}
,"C:\\Web\\podcast app\\podcast-tune\\imports\\ui\\components\\Signup.js": {"path":"C:\\Web\\podcast app\\podcast-tune\\imports\\ui\\components\\Signup.js","statementMap":{"0":{"start":{"line":8,"column":4},"end":{"line":8,"column":17}},"1":{"start":{"line":9,"column":4},"end":{"line":11,"column":6}},"2":{"start":{"line":13,"column":4},"end":{"line":13,"column":35}},"3":{"start":{"line":14,"column":4},"end":{"line":14,"column":38}},"4":{"start":{"line":18,"column":4},"end":{"line":18,"column":31}},"5":{"start":{"line":22,"column":4},"end":{"line":22,"column":27}},"6":{"start":{"line":24,"column":16},"end":{"line":24,"column":47}},"7":{"start":{"line":25,"column":19},"end":{"line":25,"column":53}},"8":{"start":{"line":27,"column":4},"end":{"line":31,"column":5}},"9":{"start":{"line":28,"column":6},"end":{"line":30,"column":9}},"10":{"start":{"line":33,"column":44},"end":{"line":33,"column":54}},"11":{"start":{"line":35,"column":4},"end":{"line":43,"column":7}},"12":{"start":{"line":36,"column":6},"end":{"line":42,"column":7}},"13":{"start":{"line":37,"column":8},"end":{"line":37,"column":45}},"14":{"start":{"line":39,"column":8},"end":{"line":39,"column":37}},"15":{"start":{"line":40,"column":8},"end":{"line":40,"column":18}},"16":{"start":{"line":41,"column":8},"end":{"line":41,"column":28}},"17":{"start":{"line":47,"column":4},"end":{"line":87,"column":6}},"18":{"start":{"line":54,"column":29},"end":{"line":54,"column":45}},"19":{"start":{"line":82,"column":25},"end":{"line":82,"column":44}},"20":{"start":{"line":91,"column":0},"end":{"line":95,"column":2}},"21":{"start":{"line":97,"column":0},"end":{"line":99,"column":2}},"22":{"start":{"line":102,"column":2},"end":{"line":102,"column":45}}},"fnMap":{"0":{"name":"(anonymous_0)","decl":{"start":{"line":7,"column":2},"end":{"line":7,"column":3}},"loc":{"start":{"line":7,"column":21},"end":{"line":15,"column":3}},"line":7},"1":{"name":"(anonymous_1)","decl":{"start":{"line":17,"column":2},"end":{"line":17,"column":3}},"loc":{"start":{"line":17,"column":22},"end":{"line":19,"column":3}},"line":17},"2":{"name":"(anonymous_2)","decl":{"start":{"line":21,"column":2},"end":{"line":21,"column":3}},"loc":{"start":{"line":21,"column":18},"end":{"line":44,"column":3}},"line":21},"3":{"name":"(anonymous_3)","decl":{"start":{"line":35,"column":36},"end":{"line":35,"column":37}},"loc":{"start":{"line":35,"column":43},"end":{"line":43,"column":5}},"line":35},"4":{"name":"(anonymous_4)","decl":{"start":{"line":46,"column":2},"end":{"line":46,"column":3}},"loc":{"start":{"line":46,"column":11},"end":{"line":88,"column":3}},"line":46},"5":{"name":"(anonymous_5)","decl":{"start":{"line":54,"column":24},"end":{"line":54,"column":25}},"loc":{"start":{"line":54,"column":29},"end":{"line":54,"column":45}},"line":54},"6":{"name":"(anonymous_6)","decl":{"start":{"line":82,"column":19},"end":{"line":82,"column":20}},"loc":{"start":{"line":82,"column":25},"end":{"line":82,"column":44}},"line":82},"7":{"name":"(anonymous_7)","decl":{"start":{"line":98,"column":14},"end":{"line":98,"column":15}},"loc":{"start":{"line":98,"column":20},"end":{"line":98,"column":22}},"line":98},"8":{"name":"(anonymous_8)","decl":{"start":{"line":101,"column":27},"end":{"line":101,"column":28}},"loc":{"start":{"line":101,"column":33},"end":{"line":103,"column":1}},"line":101}},"branchMap":{"0":{"loc":{"start":{"line":27,"column":4},"end":{"line":31,"column":5}},"type":"if","locations":[{"start":{"line":27,"column":4},"end":{"line":31,"column":5}},{"start":{"line":27,"column":4},"end":{"line":31,"column":5}}],"line":27},"1":{"loc":{"start":{"line":36,"column":6},"end":{"line":42,"column":7}},"type":"if","locations":[{"start":{"line":36,"column":6},"end":{"line":42,"column":7}},{"start":{"line":36,"column":6},"end":{"line":42,"column":7}}],"line":36},"2":{"loc":{"start":{"line":49,"column":9},"end":{"line":53,"column":9}},"type":"cond-expr","locations":[{"start":{"line":50,"column":10},"end":{"line":50,"column":65}},{"start":{"line":52,"column":10},"end":{"line":52,"column":19}}],"line":49}},"s":{"0":5,"1":5,"2":5,"3":5,"4":5,"5":2,"6":2,"7":2,"8":2,"9":1,"10":1,"11":1,"12":0,"13":0,"14":0,"15":0,"16":0,"17":8,"18":2,"19":1,"20":3,"21":3,"22":0},"f":{"0":5,"1":5,"2":2,"3":0,"4":8,"5":2,"6":1,"7":0,"8":0},"b":{"0":[1,1],"1":[0,0],"2":[2,6]},"_coverageSchema":"332fd63041d2c1bcb487cc26dd0d5f7d97098a6c","hash":"42e63936c1a7aab472e459e66863182c3046a738"}
,"C:\\Web\\podcast app\\podcast-tune\\imports\\ui\\components\\helpers\\Loader.js": {"path":"C:\\Web\\podcast app\\podcast-tune\\imports\\ui\\components\\helpers\\Loader.js","statementMap":{"0":{"start":{"line":3,"column":15},"end":{"line":18,"column":1}},"1":{"start":{"line":4,"column":2},"end":{"line":17,"column":4}}},"fnMap":{"0":{"name":"(anonymous_0)","decl":{"start":{"line":3,"column":15},"end":{"line":3,"column":16}},"loc":{"start":{"line":3,"column":21},"end":{"line":18,"column":1}},"line":3}},"branchMap":{},"s":{"0":1,"1":0},"f":{"0":0},"b":{},"_coverageSchema":"332fd63041d2c1bcb487cc26dd0d5f7d97098a6c","hash":"0bbbb3e88ed94a8faf1c40b6779de6984646a945"}
,"C:\\Web\\podcast app\\podcast-tune\\imports\\ui\\components\\helpers\\ModalItem.js": {"path":"C:\\Web\\podcast app\\podcast-tune\\imports\\ui\\components\\helpers\\ModalItem.js","statementMap":{"0":{"start":{"line":4,"column":18},"end":{"line":24,"column":1}},"1":{"start":{"line":5,"column":2},"end":{"line":23,"column":4}},"2":{"start":{"line":26,"column":0},"end":{"line":29,"column":2}},"3":{"start":{"line":34,"column":2},"end":{"line":40,"column":8}}},"fnMap":{"0":{"name":"(anonymous_0)","decl":{"start":{"line":4,"column":18},"end":{"line":4,"column":19}},"loc":{"start":{"line":4,"column":50},"end":{"line":24,"column":1}},"line":4}},"branchMap":{"0":{"loc":{"start":{"line":4,"column":27},"end":{"line":4,"column":43}},"type":"default-arg","locations":[{"start":{"line":4,"column":38},"end":{"line":4,"column":43}}],"line":4},"1":{"loc":{"start":{"line":10,"column":35},"end":{"line":10,"column":76}},"type":"binary-expr","locations":[{"start":{"line":10,"column":35},"end":{"line":10,"column":57}},{"start":{"line":10,"column":61},"end":{"line":10,"column":76}}],"line":10},"2":{"loc":{"start":{"line":13,"column":9},"end":{"line":13,"column":38}},"type":"cond-expr","locations":[{"start":{"line":13,"column":20},"end":{"line":13,"column":31}},{"start":{"line":13,"column":34},"end":{"line":13,"column":38}}],"line":13}},"s":{"0":1,"1":0,"2":1,"3":1},"f":{"0":0},"b":{"0":[0],"1":[0,0],"2":[0,0]},"_coverageSchema":"332fd63041d2c1bcb487cc26dd0d5f7d97098a6c","hash":"b88cab6880ca6e4192320a72f304e663bcd4f1eb"}
,"C:\\Web\\podcast app\\podcast-tune\\imports\\ui\\components\\helpers\\SearchPopup.js": {"path":"C:\\Web\\podcast app\\podcast-tune\\imports\\ui\\components\\helpers\\SearchPopup.js","statementMap":{"0":{"start":{"line":10,"column":4},"end":{"line":10,"column":17}},"1":{"start":{"line":12,"column":4},"end":{"line":12,"column":39}},"2":{"start":{"line":14,"column":4},"end":{"line":17,"column":6}},"3":{"start":{"line":23,"column":4},"end":{"line":28,"column":6}},"4":{"start":{"line":26,"column":8},"end":{"line":26,"column":45}},"5":{"start":{"line":33,"column":4},"end":{"line":33,"column":35}},"6":{"start":{"line":34,"column":4},"end":{"line":38,"column":13}},"7":{"start":{"line":35,"column":6},"end":{"line":37,"column":7}},"8":{"start":{"line":36,"column":8},"end":{"line":36,"column":47}},"9":{"start":{"line":42,"column":4},"end":{"line":42,"column":23}},"10":{"start":{"line":46,"column":4},"end":{"line":46,"column":44}},"11":{"start":{"line":50,"column":42},"end":{"line":50,"column":52}},"12":{"start":{"line":51,"column":4},"end":{"line":74,"column":6}},"13":{"start":{"line":54,"column":30},"end":{"line":54,"column":53}},"14":{"start":{"line":57,"column":10},"end":{"line":57,"column":41}},"15":{"start":{"line":62,"column":29},"end":{"line":62,"column":49}},"16":{"start":{"line":69,"column":27},"end":{"line":69,"column":48}},"17":{"start":{"line":78,"column":0},"end":{"line":80,"column":2}}},"fnMap":{"0":{"name":"(anonymous_0)","decl":{"start":{"line":9,"column":2},"end":{"line":9,"column":3}},"loc":{"start":{"line":9,"column":21},"end":{"line":18,"column":3}},"line":9},"1":{"name":"(anonymous_1)","decl":{"start":{"line":22,"column":2},"end":{"line":22,"column":3}},"loc":{"start":{"line":22,"column":23},"end":{"line":29,"column":3}},"line":22},"2":{"name":"(anonymous_2)","decl":{"start":{"line":25,"column":6},"end":{"line":25,"column":7}},"loc":{"start":{"line":25,"column":12},"end":{"line":27,"column":7}},"line":25},"3":{"name":"(anonymous_3)","decl":{"start":{"line":31,"column":2},"end":{"line":31,"column":3}},"loc":{"start":{"line":31,"column":23},"end":{"line":39,"column":3}},"line":31},"4":{"name":"(anonymous_4)","decl":{"start":{"line":34,"column":34},"end":{"line":34,"column":35}},"loc":{"start":{"line":34,"column":40},"end":{"line":38,"column":5}},"line":34},"5":{"name":"(anonymous_5)","decl":{"start":{"line":41,"column":2},"end":{"line":41,"column":3}},"loc":{"start":{"line":41,"column":18},"end":{"line":43,"column":3}},"line":41},"6":{"name":"(anonymous_6)","decl":{"start":{"line":45,"column":2},"end":{"line":45,"column":3}},"loc":{"start":{"line":45,"column":21},"end":{"line":47,"column":3}},"line":45},"7":{"name":"(anonymous_7)","decl":{"start":{"line":49,"column":2},"end":{"line":49,"column":3}},"loc":{"start":{"line":49,"column":11},"end":{"line":75,"column":3}},"line":49},"8":{"name":"(anonymous_8)","decl":{"start":{"line":54,"column":24},"end":{"line":54,"column":25}},"loc":{"start":{"line":54,"column":30},"end":{"line":54,"column":53}},"line":54},"9":{"name":"(anonymous_9)","decl":{"start":{"line":56,"column":21},"end":{"line":56,"column":22}},"loc":{"start":{"line":56,"column":27},"end":{"line":58,"column":9}},"line":56},"10":{"name":"(anonymous_10)","decl":{"start":{"line":62,"column":24},"end":{"line":62,"column":25}},"loc":{"start":{"line":62,"column":29},"end":{"line":62,"column":49}},"line":62},"11":{"name":"(anonymous_11)","decl":{"start":{"line":69,"column":22},"end":{"line":69,"column":23}},"loc":{"start":{"line":69,"column":27},"end":{"line":69,"column":48}},"line":69}},"branchMap":{"0":{"loc":{"start":{"line":35,"column":6},"end":{"line":37,"column":7}},"type":"if","locations":[{"start":{"line":35,"column":6},"end":{"line":37,"column":7}},{"start":{"line":35,"column":6},"end":{"line":37,"column":7}}],"line":35},"1":{"loc":{"start":{"line":72,"column":9},"end":{"line":72,"column":73}},"type":"cond-expr","locations":[{"start":{"line":72,"column":25},"end":{"line":72,"column":66}},{"start":{"line":72,"column":69},"end":{"line":72,"column":73}}],"line":72}},"s":{"0":0,"1":0,"2":0,"3":0,"4":0,"5":0,"6":0,"7":0,"8":0,"9":0,"10":0,"11":0,"12":0,"13":0,"14":0,"15":0,"16":0,"17":1},"f":{"0":0,"1":0,"2":0,"3":0,"4":0,"5":0,"6":0,"7":0,"8":0,"9":0,"10":0,"11":0},"b":{"0":[0,0],"1":[0,0]},"_coverageSchema":"332fd63041d2c1bcb487cc26dd0d5f7d97098a6c","hash":"d1418dc78b4000b69eb4bf32176948edefdb42d4"}
,"C:\\Web\\podcast app\\podcast-tune\\imports\\ui\\components\\helpers\\SearchResults.js": {"path":"C:\\Web\\podcast app\\podcast-tune\\imports\\ui\\components\\helpers\\SearchResults.js","statementMap":{"0":{"start":{"line":12,"column":22},"end":{"line":19,"column":1}},"1":{"start":{"line":13,"column":2},"end":{"line":13,"column":33}},"2":{"start":{"line":13,"column":15},"end":{"line":13,"column":33}},"3":{"start":{"line":14,"column":2},"end":{"line":16,"column":3}},"4":{"start":{"line":15,"column":4},"end":{"line":15,"column":72}},"5":{"start":{"line":18,"column":2},"end":{"line":18,"column":76}},"6":{"start":{"line":22,"column":2},"end":{"line":22,"column":52}},"7":{"start":{"line":22,"column":16},"end":{"line":22,"column":52}},"8":{"start":{"line":23,"column":2},"end":{"line":34,"column":5}},"9":{"start":{"line":24,"column":4},"end":{"line":33,"column":6}},"10":{"start":{"line":27,"column":23},"end":{"line":27,"column":41}},"11":{"start":{"line":38,"column":2},"end":{"line":38,"column":42}},"12":{"start":{"line":41,"column":0},"end":{"line":45,"column":2}},"13":{"start":{"line":48,"column":60},"end":{"line":52,"column":3}},"14":{"start":{"line":54,"column":4},"end":{"line":58,"column":6}}},"fnMap":{"0":{"name":"(anonymous_0)","decl":{"start":{"line":12,"column":22},"end":{"line":12,"column":23}},"loc":{"start":{"line":12,"column":62},"end":{"line":19,"column":1}},"line":12},"1":{"name":"renderResults","decl":{"start":{"line":21,"column":9},"end":{"line":21,"column":22}},"loc":{"start":{"line":21,"column":32},"end":{"line":35,"column":1}},"line":21},"2":{"name":"(anonymous_2)","decl":{"start":{"line":23,"column":21},"end":{"line":23,"column":22}},"loc":{"start":{"line":23,"column":31},"end":{"line":34,"column":3}},"line":23},"3":{"name":"(anonymous_3)","decl":{"start":{"line":27,"column":17},"end":{"line":27,"column":18}},"loc":{"start":{"line":27,"column":23},"end":{"line":27,"column":41}},"line":27},"4":{"name":"closeSearchModal","decl":{"start":{"line":37,"column":9},"end":{"line":37,"column":25}},"loc":{"start":{"line":37,"column":28},"end":{"line":39,"column":1}},"line":37},"5":{"name":"(anonymous_5)","decl":{"start":{"line":48,"column":9},"end":{"line":48,"column":10}},"loc":{"start":{"line":48,"column":60},"end":{"line":52,"column":3}},"line":48},"6":{"name":"(anonymous_6)","decl":{"start":{"line":53,"column":11},"end":{"line":53,"column":12}},"loc":{"start":{"line":53,"column":20},"end":{"line":59,"column":3}},"line":53}},"branchMap":{"0":{"loc":{"start":{"line":13,"column":2},"end":{"line":13,"column":33}},"type":"if","locations":[{"start":{"line":13,"column":2},"end":{"line":13,"column":33}},{"start":{"line":13,"column":2},"end":{"line":13,"column":33}}],"line":13},"1":{"loc":{"start":{"line":14,"column":2},"end":{"line":16,"column":3}},"type":"if","locations":[{"start":{"line":14,"column":2},"end":{"line":16,"column":3}},{"start":{"line":14,"column":2},"end":{"line":16,"column":3}}],"line":14},"2":{"loc":{"start":{"line":22,"column":2},"end":{"line":22,"column":52}},"type":"if","locations":[{"start":{"line":22,"column":2},"end":{"line":22,"column":52}},{"start":{"line":22,"column":2},"end":{"line":22,"column":52}}],"line":22}},"s":{"0":1,"1":0,"2":0,"3":0,"4":0,"5":0,"6":0,"7":0,"8":0,"9":0,"10":0,"11":0,"12":1,"13":0,"14":0},"f":{"0":0,"1":0,"2":0,"3":0,"4":0,"5":0,"6":0},"b":{"0":[0,0],"1":[0,0],"2":[0,0]},"_coverageSchema":"332fd63041d2c1bcb487cc26dd0d5f7d97098a6c","hash":"5b13d53eaefe590a18e71ba8fe2d5491b8269e91"}
,"C:\\Web\\podcast app\\podcast-tune\\imports\\ui\\queries\\doSearch.js": {"path":"C:\\Web\\podcast app\\podcast-tune\\imports\\ui\\queries\\doSearch.js","statementMap":{},"fnMap":{},"branchMap":{},"s":{},"f":{},"b":{},"_coverageSchema":"332fd63041d2c1bcb487cc26dd0d5f7d97098a6c","hash":"a2e7c3b9abad23ae3367001461171519453f0ed3"}
,"C:\\Web\\podcast app\\podcast-tune\\imports\\ui\\queries\\getLoggedUser.js": {"path":"C:\\Web\\podcast app\\podcast-tune\\imports\\ui\\queries\\getLoggedUser.js","statementMap":{},"fnMap":{},"branchMap":{},"s":{},"f":{},"b":{},"_coverageSchema":"332fd63041d2c1bcb487cc26dd0d5f7d97098a6c","hash":"965eaba6601f106c334af0c941c681189e86b99b"}
,"C:\\Web\\podcast app\\podcast-tune\\imports\\ui\\utils\\logo.js": {"path":"C:\\Web\\podcast app\\podcast-tune\\imports\\ui\\utils\\logo.js","statementMap":{},"fnMap":{},"branchMap":{},"s":{},"f":{},"b":{},"_coverageSchema":"332fd63041d2c1bcb487cc26dd0d5f7d97098a6c","hash":"e1fcbbd7cece2f5b55a27f67fb259a1791956f0e"}
}
