TN:
SF:C:\Web\podcast app\podcast-tune\imports\tests\setupTests.js
FNF:0
FNH:0
DA:4,7
LF:1
LH:1
BRF:0
BRH:0
end_of_record
TN:
SF:C:\Web\podcast app\podcast-tune\imports\tests\fixtures\userMocks.js
FNF:0
FNH:0
LF:0
LH:0
BRF:0
BRH:0
end_of_record
TN:
SF:C:\Web\podcast app\podcast-tune\imports\tests\mocks\accounts-base.js
FNF:0
FNH:0
LF:0
LH:0
BRF:0
BRH:0
end_of_record
TN:
SF:C:\Web\podcast app\podcast-tune\imports\tests\mocks\meteor.js
FNF:0
FNH:0
DA:1,3
LF:1
LH:1
BRF:0
BRH:0
end_of_record
TN:
SF:C:\Web\podcast app\podcast-tune\imports\tests\mocks\react-meteor-data.js
FN:3,(anonymous_0)
FN:5,(anonymous_1)
FN:5,(anonymous_2)
FNF:3
FNH:3
FNDA:10,(anonymous_0)
FNDA:10,(anonymous_1)
FNDA:10,(anonymous_2)
DA:3,10
DA:5,10
LF:2
LH:2
BRDA:3,0,0,0
BRF:1
BRH:0
end_of_record
TN:
SF:C:\Web\podcast app\podcast-tune\imports\tests\mocks\session.js
FN:4,(anonymous_0)
FN:5,(anonymous_1)
FNF:2
FNH:2
FNDA:1,(anonymous_0)
FNDA:2,(anonymous_1)
DA:1,4
DA:3,4
DA:4,1
DA:5,2
LF:4
LH:4
BRF:0
BRH:0
end_of_record
TN:
SF:C:\Web\podcast app\podcast-tune\imports\ui\components\Auth.js
FN:15,(anonymous_0)
FN:29,(anonymous_1)
FN:37,(anonymous_2)
FN:41,(anonymous_3)
FN:48,(anonymous_4)
FN:54,(anonymous_5)
FN:65,(anonymous_6)
FN:71,(anonymous_7)
FN:83,(anonymous_8)
FN:86,(anonymous_9)
FN:98,(anonymous_10)
FN:99,(anonymous_11)
FN:115,(anonymous_12)
FN:138,(anonymous_13)
FN:146,(anonymous_14)
FN:155,(anonymous_15)
FN:164,(anonymous_16)
FN:181,(anonymous_17)
FNF:18
FNH:9
FNDA:7,(anonymous_0)
FNDA:1,(anonymous_1)
FNDA:0,(anonymous_2)
FNDA:10,(anonymous_3)
FNDA:0,(anonymous_4)
FNDA:0,(anonymous_5)
FNDA:0,(anonymous_6)
FNDA:0,(anonymous_7)
FNDA:2,(anonymous_8)
FNDA:4,(anonymous_9)
FNDA:1,(anonymous_10)
FNDA:0,(anonymous_11)
FNDA:4,(anonymous_12)
FNDA:0,(anonymous_13)
FNDA:12,(anonymous_14)
FNDA:0,(anonymous_15)
FNDA:1,(anonymous_16)
FNDA:0,(anonymous_17)
DA:16,7
DA:18,7
DA:24,7
DA:25,7
DA:26,7
DA:30,1
DA:38,0
DA:42,10
DA:43,10
DA:49,0
DA:55,0
DA:66,0
DA:72,0
DA:84,2
DA:87,4
DA:88,2
DA:90,2
DA:92,2
DA:99,1
DA:100,0
DA:101,0
DA:102,0
DA:116,4
DA:117,4
DA:118,4
DA:119,1
DA:127,3
DA:128,1
DA:139,0
DA:140,0
DA:147,12
DA:149,12
DA:155,0
DA:164,1
DA:175,2
DA:182,0
LF:36
LH:24
BRDA:87,0,0,2
BRDA:87,0,1,2
BRDA:88,1,0,0
BRDA:88,1,1,2
BRDA:118,2,0,1
BRDA:118,2,1,3
BRDA:127,3,0,1
BRDA:127,3,1,2
BRDA:151,4,0,2
BRDA:151,4,1,10
BRDA:152,5,0,4
BRDA:152,5,1,8
BRDA:161,6,0,1
BRDA:161,6,1,3
BRF:14
BRH:13
end_of_record
TN:
SF:C:\Web\podcast app\podcast-tune\imports\ui\components\Footer.js
FN:4,(anonymous_0)
FNF:1
FNH:1
FNDA:1,(anonymous_0)
DA:4,1
DA:5,1
LF:2
LH:2
BRF:0
BRH:0
end_of_record
TN:
SF:C:\Web\podcast app\podcast-tune\imports\ui\components\Header.js
FN:8,(anonymous_0)
FN:11,(anonymous_1)
FN:26,(anonymous_2)
FN:28,(anonymous_3)
FNF:4
FNH:2
FNDA:2,(anonymous_0)
FNDA:1,(anonymous_1)
FNDA:0,(anonymous_2)
FNDA:0,(anonymous_3)
DA:8,1
DA:9,2
DA:11,1
DA:21,1
DA:27,0
DA:28,0
DA:34,1
DA:51,1
LF:8
LH:6
BRDA:12,0,0,0
BRDA:12,0,1,2
BRF:2
BRH:1
end_of_record
TN:
SF:C:\Web\podcast app\podcast-tune\imports\ui\components\InnerHeader.js
FN:8,(anonymous_0)
FN:15,(anonymous_1)
FN:23,(anonymous_2)
FN:36,openSearchModal
FN:45,(anonymous_4)
FNF:5
FNH:3
FNDA:5,(anonymous_0)
FNDA:0,(anonymous_1)
FNDA:1,(anonymous_2)
FNDA:1,openSearchModal
FNDA:0,(anonymous_4)
DA:8,1
DA:9,5
DA:15,0
DA:23,1
DA:37,1
DA:40,1
DA:46,0
LF:7
LH:5
BRDA:11,0,0,1
BRDA:11,0,1,4
BRDA:27,1,0,1
BRDA:27,1,1,4
BRF:4
BRH:4
end_of_record
TN:
SF:C:\Web\podcast app\podcast-tune\imports\ui\components\Login.js
FN:7,(anonymous_0)
FN:18,(anonymous_1)
FN:22,(anonymous_2)
FN:30,(anonymous_3)
FN:41,(anonymous_4)
FN:49,(anonymous_5)
FN:77,(anonymous_6)
FN:94,(anonymous_7)
FN:97,(anonymous_8)
FNF:9
FNH:6
FNDA:4,(anonymous_0)
FNDA:4,(anonymous_1)
FNDA:1,(anonymous_2)
FNDA:0,(anonymous_3)
FNDA:6,(anonymous_4)
FNDA:1,(anonymous_5)
FNDA:1,(anonymous_6)
FNDA:0,(anonymous_7)
FNDA:0,(anonymous_8)
DA:8,4
DA:10,4
DA:14,4
DA:15,4
DA:19,4
DA:23,1
DA:25,1
DA:26,1
DA:28,1
DA:30,1
DA:31,0
DA:32,0
DA:34,0
DA:35,0
DA:36,0
DA:42,6
DA:49,1
DA:77,1
DA:86,3
DA:93,3
DA:98,0
LF:21
LH:15
BRDA:31,0,0,0
BRDA:31,0,1,0
BRDA:34,1,0,0
BRDA:34,1,1,0
BRDA:44,2,0,1
BRDA:44,2,1,5
BRF:6
BRH:2
end_of_record
TN:
SF:C:\Web\podcast app\podcast-tune\imports\ui\components\SideBar.js
FN:8,(anonymous_0)
FN:15,(anonymous_1)
FN:20,(anonymous_2)
FN:28,(anonymous_3)
FN:36,(anonymous_4)
FN:44,(anonymous_5)
FN:56,closeSidebar
FNF:7
FNH:1
FNDA:1,(anonymous_0)
FNDA:0,(anonymous_1)
FNDA:0,(anonymous_2)
FNDA:0,(anonymous_3)
FNDA:0,(anonymous_4)
FNDA:0,(anonymous_5)
FNDA:0,closeSidebar
DA:8,1
DA:9,1
DA:15,0
DA:20,0
DA:28,0
DA:36,0
DA:44,0
DA:57,0
LF:8
LH:2
BRF:0
BRH:0
end_of_record
TN:
SF:C:\Web\podcast app\podcast-tune\imports\ui\components\Signup.js
FN:7,(anonymous_0)
FN:17,(anonymous_1)
FN:21,(anonymous_2)
FN:35,(anonymous_3)
FN:46,(anonymous_4)
FN:54,(anonymous_5)
FN:82,(anonymous_6)
FN:98,(anonymous_7)
FN:101,(anonymous_8)
FNF:9
FNH:6
FNDA:5,(anonymous_0)
FNDA:5,(anonymous_1)
FNDA:2,(anonymous_2)
FNDA:0,(anonymous_3)
FNDA:8,(anonymous_4)
FNDA:2,(anonymous_5)
FNDA:1,(anonymous_6)
FNDA:0,(anonymous_7)
FNDA:0,(anonymous_8)
DA:8,5
DA:9,5
DA:13,5
DA:14,5
DA:18,5
DA:22,2
DA:24,2
DA:25,2
DA:27,2
DA:28,1
DA:33,1
DA:35,1
DA:36,0
DA:37,0
DA:39,0
DA:40,0
DA:41,0
DA:47,8
DA:54,2
DA:82,1
DA:91,3
DA:97,3
DA:102,0
LF:23
LH:17
BRDA:27,0,0,1
BRDA:27,0,1,1
BRDA:36,1,0,0
BRDA:36,1,1,0
BRDA:49,2,0,2
BRDA:49,2,1,6
BRF:6
BRH:4
end_of_record
TN:
SF:C:\Web\podcast app\podcast-tune\imports\ui\components\helpers\Loader.js
FN:3,(anonymous_0)
FNF:1
FNH:0
FNDA:0,(anonymous_0)
DA:3,1
DA:4,0
LF:2
LH:1
BRF:0
BRH:0
end_of_record
TN:
SF:C:\Web\podcast app\podcast-tune\imports\ui\components\helpers\ModalItem.js
FN:4,(anonymous_0)
FNF:1
FNH:0
FNDA:0,(anonymous_0)
DA:4,1
DA:5,0
DA:26,1
DA:34,1
LF:4
LH:3
BRDA:4,0,0,0
BRDA:10,1,0,0
BRDA:10,1,1,0
BRDA:13,2,0,0
BRDA:13,2,1,0
BRF:5
BRH:0
end_of_record
TN:
SF:C:\Web\podcast app\podcast-tune\imports\ui\components\helpers\SearchPopup.js
FN:9,(anonymous_0)
FN:22,(anonymous_1)
FN:25,(anonymous_2)
FN:31,(anonymous_3)
FN:34,(anonymous_4)
FN:41,(anonymous_5)
FN:45,(anonymous_6)
FN:49,(anonymous_7)
FN:54,(anonymous_8)
FN:56,(anonymous_9)
FN:62,(anonymous_10)
FN:69,(anonymous_11)
FNF:12
FNH:0
FNDA:0,(anonymous_0)
FNDA:0,(anonymous_1)
FNDA:0,(anonymous_2)
FNDA:0,(anonymous_3)
FNDA:0,(anonymous_4)
FNDA:0,(anonymous_5)
FNDA:0,(anonymous_6)
FNDA:0,(anonymous_7)
FNDA:0,(anonymous_8)
FNDA:0,(anonymous_9)
FNDA:0,(anonymous_10)
FNDA:0,(anonymous_11)
DA:10,0
DA:12,0
DA:14,0
DA:23,0
DA:26,0
DA:33,0
DA:34,0
DA:35,0
DA:36,0
DA:42,0
DA:46,0
DA:50,0
DA:51,0
DA:54,0
DA:57,0
DA:62,0
DA:69,0
DA:78,1
LF:18
LH:1
BRDA:35,0,0,0
BRDA:35,0,1,0
BRDA:72,1,0,0
BRDA:72,1,1,0
BRF:4
BRH:0
end_of_record
TN:
SF:C:\Web\podcast app\podcast-tune\imports\ui\components\helpers\SearchResults.js
FN:12,(anonymous_0)
FN:21,renderResults
FN:23,(anonymous_2)
FN:27,(anonymous_3)
FN:37,closeSearchModal
FN:48,(anonymous_5)
FN:53,(anonymous_6)
FNF:7
FNH:0
FNDA:0,(anonymous_0)
FNDA:0,renderResults
FNDA:0,(anonymous_2)
FNDA:0,(anonymous_3)
FNDA:0,closeSearchModal
FNDA:0,(anonymous_5)
FNDA:0,(anonymous_6)
DA:12,1
DA:13,0
DA:14,0
DA:15,0
DA:18,0
DA:22,0
DA:23,0
DA:24,0
DA:27,0
DA:38,0
DA:41,1
DA:48,0
DA:54,0
LF:13
LH:2
BRDA:13,0,0,0
BRDA:13,0,1,0
BRDA:14,1,0,0
BRDA:14,1,1,0
BRDA:22,2,0,0
BRDA:22,2,1,0
BRF:6
BRH:0
end_of_record
TN:
SF:C:\Web\podcast app\podcast-tune\imports\ui\queries\doSearch.js
FNF:0
FNH:0
LF:0
LH:0
BRF:0
BRH:0
end_of_record
TN:
SF:C:\Web\podcast app\podcast-tune\imports\ui\queries\getLoggedUser.js
FNF:0
FNH:0
LF:0
LH:0
BRF:0
BRH:0
end_of_record
TN:
SF:C:\Web\podcast app\podcast-tune\imports\ui\utils\logo.js
FNF:0
FNH:0
LF:0
LH:0
BRF:0
BRH:0
end_of_record
