{"C:\\Web\\podcast app\\podcast-tune\\imports\\ui\\components\\Auth.js": {"path":"C:\\Web\\podcast app\\podcast-tune\\imports\\ui\\components\\Auth.js","statementMap":{"0":{"start":{"line":16,"column":4},"end":{"line":16,"column":17}},"1":{"start":{"line":18,"column":4},"end":{"line":22,"column":6}},"2":{"start":{"line":24,"column":4},"end":{"line":24,"column":57}},"3":{"start":{"line":25,"column":4},"end":{"line":25,"column":47}},"4":{"start":{"line":26,"column":4},"end":{"line":26,"column":47}},"5":{"start":{"line":30,"column":4},"end":{"line":34,"column":7}},"6":{"start":{"line":38,"column":4},"end":{"line":38,"column":26}},"7":{"start":{"line":42,"column":29},"end":{"line":42,"column":39}},"8":{"start":{"line":43,"column":4},"end":{"line":78,"column":6}},"9":{"start":{"line":48,"column":12},"end":{"line":56,"column":13}},"10":{"start":{"line":54,"column":16},"end":{"line":54,"column":31}},"11":{"start":{"line":64,"column":12},"end":{"line":72,"column":13}},"12":{"start":{"line":70,"column":16},"end":{"line":70,"column":31}},"13":{"start":{"line":82,"column":4},"end":{"line":109,"column":6}},"14":{"start":{"line":85,"column":10},"end":{"line":85,"column":35}},"15":{"start":{"line":85,"column":23},"end":{"line":85,"column":35}},"16":{"start":{"line":86,"column":10},"end":{"line":86,"column":33}},"17":{"start":{"line":86,"column":21},"end":{"line":86,"column":33}},"18":{"start":{"line":88,"column":43},"end":{"line":88,"column":53}},"19":{"start":{"line":90,"column":10},"end":{"line":106,"column":12}},"20":{"start":{"line":96,"column":18},"end":{"line":100,"column":21}},"21":{"start":{"line":97,"column":20},"end":{"line":97,"column":40}},"22":{"start":{"line":98,"column":20},"end":{"line":98,"column":55}},"23":{"start":{"line":99,"column":20},"end":{"line":99,"column":35}},"24":{"start":{"line":113,"column":42},"end":{"line":113,"column":52}},"25":{"start":{"line":114,"column":23},"end":{"line":114,"column":33}},"26":{"start":{"line":115,"column":4},"end":{"line":123,"column":8}},"27":{"start":{"line":116,"column":6},"end":{"line":123,"column":8}},"28":{"start":{"line":124,"column":4},"end":{"line":132,"column":8}},"29":{"start":{"line":125,"column":6},"end":{"line":132,"column":8}},"30":{"start":{"line":136,"column":42},"end":{"line":136,"column":52}},"31":{"start":{"line":137,"column":4},"end":{"line":140,"column":7}},"32":{"start":{"line":144,"column":41},"end":{"line":144,"column":51}},"33":{"start":{"line":146,"column":4},"end":{"line":168,"column":6}},"34":{"start":{"line":152,"column":34},"end":{"line":152,"column":55}},"35":{"start":{"line":161,"column":31},"end":{"line":161,"column":52}},"36":{"start":{"line":172,"column":0},"end":{"line":175,"column":2}},"37":{"start":{"line":178,"column":2},"end":{"line":178,"column":43}}},"fnMap":{"0":{"name":"(anonymous_0)","decl":{"start":{"line":15,"column":2},"end":{"line":15,"column":3}},"loc":{"start":{"line":15,"column":21},"end":{"line":27,"column":3}},"line":15},"1":{"name":"(anonymous_1)","decl":{"start":{"line":29,"column":2},"end":{"line":29,"column":3}},"loc":{"start":{"line":29,"column":19},"end":{"line":35,"column":3}},"line":29},"2":{"name":"(anonymous_2)","decl":{"start":{"line":37,"column":2},"end":{"line":37,"column":3}},"loc":{"start":{"line":37,"column":14},"end":{"line":39,"column":3}},"line":37},"3":{"name":"(anonymous_3)","decl":{"start":{"line":41,"column":2},"end":{"line":41,"column":3}},"loc":{"start":{"line":41,"column":17},"end":{"line":79,"column":3}},"line":41},"4":{"name":"(anonymous_4)","decl":{"start":{"line":47,"column":19},"end":{"line":47,"column":20}},"loc":{"start":{"line":48,"column":12},"end":{"line":56,"column":13}},"line":48},"5":{"name":"(anonymous_5)","decl":{"start":{"line":53,"column":14},"end":{"line":53,"column":15}},"loc":{"start":{"line":53,"column":20},"end":{"line":55,"column":15}},"line":53},"6":{"name":"(anonymous_6)","decl":{"start":{"line":63,"column":19},"end":{"line":63,"column":20}},"loc":{"start":{"line":64,"column":12},"end":{"line":72,"column":13}},"line":64},"7":{"name":"(anonymous_7)","decl":{"start":{"line":69,"column":14},"end":{"line":69,"column":15}},"loc":{"start":{"line":69,"column":20},"end":{"line":71,"column":15}},"line":69},"8":{"name":"(anonymous_8)","decl":{"start":{"line":81,"column":2},"end":{"line":81,"column":3}},"loc":{"start":{"line":81,"column":18},"end":{"line":110,"column":3}},"line":81},"9":{"name":"(anonymous_9)","decl":{"start":{"line":84,"column":9},"end":{"line":84,"column":10}},"loc":{"start":{"line":84,"column":39},"end":{"line":107,"column":9}},"line":84},"10":{"name":"(anonymous_10)","decl":{"start":{"line":95,"column":25},"end":{"line":95,"column":26}},"loc":{"start":{"line":95,"column":31},"end":{"line":101,"column":17}},"line":95},"11":{"name":"(anonymous_11)","decl":{"start":{"line":96,"column":32},"end":{"line":96,"column":33}},"loc":{"start":{"line":96,"column":38},"end":{"line":100,"column":19}},"line":96},"12":{"name":"(anonymous_12)","decl":{"start":{"line":112,"column":2},"end":{"line":112,"column":3}},"loc":{"start":{"line":112,"column":17},"end":{"line":133,"column":3}},"line":112},"13":{"name":"(anonymous_13)","decl":{"start":{"line":135,"column":2},"end":{"line":135,"column":3}},"loc":{"start":{"line":135,"column":14},"end":{"line":141,"column":3}},"line":135},"14":{"name":"(anonymous_14)","decl":{"start":{"line":143,"column":2},"end":{"line":143,"column":3}},"loc":{"start":{"line":143,"column":11},"end":{"line":169,"column":3}},"line":143},"15":{"name":"(anonymous_15)","decl":{"start":{"line":152,"column":28},"end":{"line":152,"column":29}},"loc":{"start":{"line":152,"column":34},"end":{"line":152,"column":55}},"line":152},"16":{"name":"(anonymous_16)","decl":{"start":{"line":161,"column":25},"end":{"line":161,"column":26}},"loc":{"start":{"line":161,"column":31},"end":{"line":161,"column":52}},"line":161},"17":{"name":"(anonymous_17)","decl":{"start":{"line":177,"column":27},"end":{"line":177,"column":28}},"loc":{"start":{"line":177,"column":33},"end":{"line":179,"column":1}},"line":177}},"branchMap":{"0":{"loc":{"start":{"line":85,"column":10},"end":{"line":85,"column":35}},"type":"if","locations":[{"start":{"line":85,"column":10},"end":{"line":85,"column":35}},{"start":{"line":85,"column":10},"end":{"line":85,"column":35}}],"line":85},"1":{"loc":{"start":{"line":86,"column":10},"end":{"line":86,"column":33}},"type":"if","locations":[{"start":{"line":86,"column":10},"end":{"line":86,"column":33}},{"start":{"line":86,"column":10},"end":{"line":86,"column":33}}],"line":86},"2":{"loc":{"start":{"line":115,"column":4},"end":{"line":123,"column":8}},"type":"if","locations":[{"start":{"line":115,"column":4},"end":{"line":123,"column":8}},{"start":{"line":115,"column":4},"end":{"line":123,"column":8}}],"line":115},"3":{"loc":{"start":{"line":124,"column":4},"end":{"line":132,"column":8}},"type":"if","locations":[{"start":{"line":124,"column":4},"end":{"line":132,"column":8}},{"start":{"line":124,"column":4},"end":{"line":132,"column":8}}],"line":124},"4":{"loc":{"start":{"line":148,"column":9},"end":{"line":148,"column":75}},"type":"cond-expr","locations":[{"start":{"line":148,"column":33},"end":{"line":148,"column":53}},{"start":{"line":148,"column":56},"end":{"line":148,"column":75}}],"line":148},"5":{"loc":{"start":{"line":149,"column":9},"end":{"line":166,"column":16}},"type":"cond-expr","locations":[{"start":{"line":150,"column":10},"end":{"line":165,"column":18}},{"start":{"line":166,"column":12},"end":{"line":166,"column":16}}],"line":149},"6":{"loc":{"start":{"line":158,"column":44},"end":{"line":158,"column":74}},"type":"cond-expr","locations":[{"start":{"line":158,"column":58},"end":{"line":158,"column":65}},{"start":{"line":158,"column":68},"end":{"line":158,"column":74}}],"line":158}},"s":{"0":0,"1":0,"2":0,"3":0,"4":0,"5":0,"6":0,"7":0,"8":0,"9":0,"10":0,"11":0,"12":0,"13":0,"14":0,"15":0,"16":0,"17":0,"18":0,"19":0,"20":0,"21":0,"22":0,"23":0,"24":0,"25":0,"26":0,"27":0,"28":0,"29":0,"30":0,"31":0,"32":0,"33":0,"34":0,"35":0,"36":1,"37":0},"f":{"0":0,"1":0,"2":0,"3":0,"4":0,"5":0,"6":0,"7":0,"8":0,"9":0,"10":0,"11":0,"12":0,"13":0,"14":0,"15":0,"16":0,"17":0},"b":{"0":[0,0],"1":[0,0],"2":[0,0],"3":[0,0],"4":[0,0],"5":[0,0],"6":[0,0]},"_coverageSchema":"332fd63041d2c1bcb487cc26dd0d5f7d97098a6c","hash":"92b3dd4e34562a86bce1f028645eb50514afff33"}
,"C:\\Web\\podcast app\\podcast-tune\\imports\\ui\\components\\InnerHeader.js": {"path":"C:\\Web\\podcast app\\podcast-tune\\imports\\ui\\components\\InnerHeader.js","statementMap":{"0":{"start":{"line":8,"column":27},"end":{"line":34,"column":1}},"1":{"start":{"line":9,"column":2},"end":{"line":33,"column":4}},"2":{"start":{"line":15,"column":25},"end":{"line":15,"column":44}},"3":{"start":{"line":23,"column":27},"end":{"line":23,"column":44}},"4":{"start":{"line":37,"column":2},"end":{"line":37,"column":41}},"5":{"start":{"line":40,"column":0},"end":{"line":43,"column":2}},"6":{"start":{"line":46,"column":2},"end":{"line":48,"column":4}}},"fnMap":{"0":{"name":"(anonymous_0)","decl":{"start":{"line":8,"column":27},"end":{"line":8,"column":28}},"loc":{"start":{"line":8,"column":61},"end":{"line":34,"column":1}},"line":8},"1":{"name":"(anonymous_1)","decl":{"start":{"line":15,"column":19},"end":{"line":15,"column":20}},"loc":{"start":{"line":15,"column":25},"end":{"line":15,"column":44}},"line":15},"2":{"name":"(anonymous_2)","decl":{"start":{"line":23,"column":21},"end":{"line":23,"column":22}},"loc":{"start":{"line":23,"column":27},"end":{"line":23,"column":44}},"line":23},"3":{"name":"openSearchModal","decl":{"start":{"line":36,"column":9},"end":{"line":36,"column":24}},"loc":{"start":{"line":36,"column":27},"end":{"line":38,"column":1}},"line":36},"4":{"name":"(anonymous_4)","decl":{"start":{"line":45,"column":27},"end":{"line":45,"column":28}},"loc":{"start":{"line":45,"column":33},"end":{"line":49,"column":1}},"line":45}},"branchMap":{"0":{"loc":{"start":{"line":11,"column":7},"end":{"line":11,"column":70}},"type":"cond-expr","locations":[{"start":{"line":11,"column":15},"end":{"line":11,"column":63}},{"start":{"line":11,"column":66},"end":{"line":11,"column":70}}],"line":11},"1":{"loc":{"start":{"line":27,"column":11},"end":{"line":29,"column":18}},"type":"cond-expr","locations":[{"start":{"line":28,"column":12},"end":{"line":28,"column":65}},{"start":{"line":29,"column":14},"end":{"line":29,"column":18}}],"line":27}},"s":{"0":1,"1":5,"2":0,"3":1,"4":1,"5":1,"6":0},"f":{"0":5,"1":0,"2":1,"3":1,"4":0},"b":{"0":[1,4],"1":[1,4]},"_coverageSchema":"332fd63041d2c1bcb487cc26dd0d5f7d97098a6c","hash":"a96cbcfe8915398003abb1380a85bf55386d33a3"}
,"C:\\Web\\podcast app\\podcast-tune\\imports\\ui\\components\\Login.js": {"path":"C:\\Web\\podcast app\\podcast-tune\\imports\\ui\\components\\Login.js","statementMap":{"0":{"start":{"line":7,"column":4},"end":{"line":7,"column":17}},"1":{"start":{"line":9,"column":4},"end":{"line":11,"column":6}},"2":{"start":{"line":13,"column":4},"end":{"line":13,"column":35}},"3":{"start":{"line":14,"column":4},"end":{"line":14,"column":38}},"4":{"start":{"line":18,"column":4},"end":{"line":18,"column":31}},"5":{"start":{"line":22,"column":4},"end":{"line":22,"column":27}},"6":{"start":{"line":24,"column":16},"end":{"line":24,"column":47}},"7":{"start":{"line":25,"column":19},"end":{"line":25,"column":53}},"8":{"start":{"line":27,"column":4},"end":{"line":36,"column":7}},"9":{"start":{"line":28,"column":21},"end":{"line":28,"column":76}},"10":{"start":{"line":29,"column":6},"end":{"line":29,"column":39}},"11":{"start":{"line":31,"column":6},"end":{"line":35,"column":7}},"12":{"start":{"line":32,"column":36},"end":{"line":32,"column":46}},"13":{"start":{"line":33,"column":8},"end":{"line":33,"column":18}},"14":{"start":{"line":34,"column":8},"end":{"line":34,"column":28}},"15":{"start":{"line":40,"column":4},"end":{"line":80,"column":6}},"16":{"start":{"line":47,"column":29},"end":{"line":47,"column":45}},"17":{"start":{"line":75,"column":25},"end":{"line":75,"column":44}},"18":{"start":{"line":84,"column":0},"end":{"line":87,"column":2}}},"fnMap":{"0":{"name":"(anonymous_0)","decl":{"start":{"line":6,"column":2},"end":{"line":6,"column":3}},"loc":{"start":{"line":6,"column":21},"end":{"line":15,"column":3}},"line":6},"1":{"name":"(anonymous_1)","decl":{"start":{"line":17,"column":2},"end":{"line":17,"column":3}},"loc":{"start":{"line":17,"column":22},"end":{"line":19,"column":3}},"line":17},"2":{"name":"(anonymous_2)","decl":{"start":{"line":21,"column":2},"end":{"line":21,"column":3}},"loc":{"start":{"line":21,"column":18},"end":{"line":37,"column":3}},"line":21},"3":{"name":"(anonymous_3)","decl":{"start":{"line":27,"column":50},"end":{"line":27,"column":51}},"loc":{"start":{"line":27,"column":57},"end":{"line":36,"column":5}},"line":27},"4":{"name":"(anonymous_4)","decl":{"start":{"line":39,"column":2},"end":{"line":39,"column":3}},"loc":{"start":{"line":39,"column":11},"end":{"line":81,"column":3}},"line":39},"5":{"name":"(anonymous_5)","decl":{"start":{"line":47,"column":24},"end":{"line":47,"column":25}},"loc":{"start":{"line":47,"column":29},"end":{"line":47,"column":45}},"line":47},"6":{"name":"(anonymous_6)","decl":{"start":{"line":75,"column":19},"end":{"line":75,"column":20}},"loc":{"start":{"line":75,"column":25},"end":{"line":75,"column":44}},"line":75}},"branchMap":{"0":{"loc":{"start":{"line":28,"column":21},"end":{"line":28,"column":76}},"type":"cond-expr","locations":[{"start":{"line":28,"column":27},"end":{"line":28,"column":71}},{"start":{"line":28,"column":74},"end":{"line":28,"column":76}}],"line":28},"1":{"loc":{"start":{"line":31,"column":6},"end":{"line":35,"column":7}},"type":"if","locations":[{"start":{"line":31,"column":6},"end":{"line":35,"column":7}},{"start":{"line":31,"column":6},"end":{"line":35,"column":7}}],"line":31},"2":{"loc":{"start":{"line":42,"column":9},"end":{"line":46,"column":9}},"type":"cond-expr","locations":[{"start":{"line":43,"column":10},"end":{"line":43,"column":65}},{"start":{"line":45,"column":10},"end":{"line":45,"column":19}}],"line":42}},"s":{"0":0,"1":0,"2":0,"3":0,"4":0,"5":0,"6":0,"7":0,"8":0,"9":0,"10":0,"11":0,"12":0,"13":0,"14":0,"15":0,"16":0,"17":0,"18":1},"f":{"0":0,"1":0,"2":0,"3":0,"4":0,"5":0,"6":0},"b":{"0":[0,0],"1":[0,0],"2":[0,0]},"_coverageSchema":"332fd63041d2c1bcb487cc26dd0d5f7d97098a6c","hash":"1e98607483878ee5bd973d4fb64642665b1e1ed4"}
,"C:\\Web\\podcast app\\podcast-tune\\imports\\ui\\components\\SideBar.js": {"path":"C:\\Web\\podcast app\\podcast-tune\\imports\\ui\\components\\SideBar.js","statementMap":{"0":{"start":{"line":8,"column":16},"end":{"line":54,"column":1}},"1":{"start":{"line":9,"column":2},"end":{"line":53,"column":4}},"2":{"start":{"line":15,"column":29},"end":{"line":15,"column":43}},"3":{"start":{"line":20,"column":25},"end":{"line":20,"column":39}},"4":{"start":{"line":28,"column":25},"end":{"line":28,"column":39}},"5":{"start":{"line":36,"column":25},"end":{"line":36,"column":39}},"6":{"start":{"line":44,"column":25},"end":{"line":44,"column":39}},"7":{"start":{"line":57,"column":2},"end":{"line":57,"column":34}}},"fnMap":{"0":{"name":"(anonymous_0)","decl":{"start":{"line":8,"column":16},"end":{"line":8,"column":17}},"loc":{"start":{"line":8,"column":22},"end":{"line":54,"column":1}},"line":8},"1":{"name":"(anonymous_1)","decl":{"start":{"line":15,"column":23},"end":{"line":15,"column":24}},"loc":{"start":{"line":15,"column":29},"end":{"line":15,"column":43}},"line":15},"2":{"name":"(anonymous_2)","decl":{"start":{"line":20,"column":19},"end":{"line":20,"column":20}},"loc":{"start":{"line":20,"column":25},"end":{"line":20,"column":39}},"line":20},"3":{"name":"(anonymous_3)","decl":{"start":{"line":28,"column":19},"end":{"line":28,"column":20}},"loc":{"start":{"line":28,"column":25},"end":{"line":28,"column":39}},"line":28},"4":{"name":"(anonymous_4)","decl":{"start":{"line":36,"column":19},"end":{"line":36,"column":20}},"loc":{"start":{"line":36,"column":25},"end":{"line":36,"column":39}},"line":36},"5":{"name":"(anonymous_5)","decl":{"start":{"line":44,"column":19},"end":{"line":44,"column":20}},"loc":{"start":{"line":44,"column":25},"end":{"line":44,"column":39}},"line":44},"6":{"name":"closeSidebar","decl":{"start":{"line":56,"column":9},"end":{"line":56,"column":21}},"loc":{"start":{"line":56,"column":24},"end":{"line":58,"column":1}},"line":56}},"branchMap":{},"s":{"0":1,"1":1,"2":0,"3":0,"4":0,"5":0,"6":0,"7":0},"f":{"0":1,"1":0,"2":0,"3":0,"4":0,"5":0,"6":0},"b":{},"_coverageSchema":"332fd63041d2c1bcb487cc26dd0d5f7d97098a6c","hash":"cda86ce9a2f5bb23b2e2a429c268eef606adb364"}
,"C:\\Web\\podcast app\\podcast-tune\\imports\\ui\\components\\Signup.js": {"path":"C:\\Web\\podcast app\\podcast-tune\\imports\\ui\\components\\Signup.js","statementMap":{"0":{"start":{"line":7,"column":4},"end":{"line":7,"column":17}},"1":{"start":{"line":8,"column":4},"end":{"line":10,"column":6}},"2":{"start":{"line":12,"column":4},"end":{"line":12,"column":35}},"3":{"start":{"line":13,"column":4},"end":{"line":13,"column":38}},"4":{"start":{"line":17,"column":4},"end":{"line":17,"column":31}},"5":{"start":{"line":21,"column":4},"end":{"line":21,"column":27}},"6":{"start":{"line":23,"column":16},"end":{"line":23,"column":47}},"7":{"start":{"line":24,"column":19},"end":{"line":24,"column":53}},"8":{"start":{"line":26,"column":4},"end":{"line":30,"column":5}},"9":{"start":{"line":27,"column":6},"end":{"line":29,"column":9}},"10":{"start":{"line":32,"column":4},"end":{"line":41,"column":7}},"11":{"start":{"line":33,"column":34},"end":{"line":33,"column":44}},"12":{"start":{"line":34,"column":6},"end":{"line":40,"column":7}},"13":{"start":{"line":35,"column":8},"end":{"line":35,"column":45}},"14":{"start":{"line":37,"column":8},"end":{"line":37,"column":37}},"15":{"start":{"line":38,"column":8},"end":{"line":38,"column":18}},"16":{"start":{"line":39,"column":8},"end":{"line":39,"column":28}},"17":{"start":{"line":45,"column":4},"end":{"line":85,"column":6}},"18":{"start":{"line":52,"column":29},"end":{"line":52,"column":45}},"19":{"start":{"line":80,"column":25},"end":{"line":80,"column":44}},"20":{"start":{"line":89,"column":0},"end":{"line":92,"column":2}}},"fnMap":{"0":{"name":"(anonymous_0)","decl":{"start":{"line":6,"column":2},"end":{"line":6,"column":3}},"loc":{"start":{"line":6,"column":21},"end":{"line":14,"column":3}},"line":6},"1":{"name":"(anonymous_1)","decl":{"start":{"line":16,"column":2},"end":{"line":16,"column":3}},"loc":{"start":{"line":16,"column":22},"end":{"line":18,"column":3}},"line":16},"2":{"name":"(anonymous_2)","decl":{"start":{"line":20,"column":2},"end":{"line":20,"column":3}},"loc":{"start":{"line":20,"column":18},"end":{"line":42,"column":3}},"line":20},"3":{"name":"(anonymous_3)","decl":{"start":{"line":32,"column":45},"end":{"line":32,"column":46}},"loc":{"start":{"line":32,"column":52},"end":{"line":41,"column":5}},"line":32},"4":{"name":"(anonymous_4)","decl":{"start":{"line":44,"column":2},"end":{"line":44,"column":3}},"loc":{"start":{"line":44,"column":11},"end":{"line":86,"column":3}},"line":44},"5":{"name":"(anonymous_5)","decl":{"start":{"line":52,"column":24},"end":{"line":52,"column":25}},"loc":{"start":{"line":52,"column":29},"end":{"line":52,"column":45}},"line":52},"6":{"name":"(anonymous_6)","decl":{"start":{"line":80,"column":19},"end":{"line":80,"column":20}},"loc":{"start":{"line":80,"column":25},"end":{"line":80,"column":44}},"line":80}},"branchMap":{"0":{"loc":{"start":{"line":26,"column":4},"end":{"line":30,"column":5}},"type":"if","locations":[{"start":{"line":26,"column":4},"end":{"line":30,"column":5}},{"start":{"line":26,"column":4},"end":{"line":30,"column":5}}],"line":26},"1":{"loc":{"start":{"line":34,"column":6},"end":{"line":40,"column":7}},"type":"if","locations":[{"start":{"line":34,"column":6},"end":{"line":40,"column":7}},{"start":{"line":34,"column":6},"end":{"line":40,"column":7}}],"line":34},"2":{"loc":{"start":{"line":47,"column":9},"end":{"line":51,"column":9}},"type":"cond-expr","locations":[{"start":{"line":48,"column":10},"end":{"line":48,"column":65}},{"start":{"line":50,"column":10},"end":{"line":50,"column":19}}],"line":47}},"s":{"0":0,"1":0,"2":0,"3":0,"4":0,"5":0,"6":0,"7":0,"8":0,"9":0,"10":0,"11":0,"12":0,"13":0,"14":0,"15":0,"16":0,"17":0,"18":0,"19":0,"20":1},"f":{"0":0,"1":0,"2":0,"3":0,"4":0,"5":0,"6":0},"b":{"0":[0,0],"1":[0,0],"2":[0,0]},"_coverageSchema":"332fd63041d2c1bcb487cc26dd0d5f7d97098a6c","hash":"d46baade82364f1173b7d3fb90e68df7b6e999e1"}
,"C:\\Web\\podcast app\\podcast-tune\\imports\\ui\\components\\helpers\\Loader.js": {"path":"C:\\Web\\podcast app\\podcast-tune\\imports\\ui\\components\\helpers\\Loader.js","statementMap":{"0":{"start":{"line":3,"column":15},"end":{"line":18,"column":1}},"1":{"start":{"line":4,"column":2},"end":{"line":17,"column":4}}},"fnMap":{"0":{"name":"(anonymous_0)","decl":{"start":{"line":3,"column":15},"end":{"line":3,"column":16}},"loc":{"start":{"line":3,"column":21},"end":{"line":18,"column":1}},"line":3}},"branchMap":{},"s":{"0":1,"1":0},"f":{"0":0},"b":{},"_coverageSchema":"332fd63041d2c1bcb487cc26dd0d5f7d97098a6c","hash":"0bbbb3e88ed94a8faf1c40b6779de6984646a945"}
,"C:\\Web\\podcast app\\podcast-tune\\imports\\ui\\components\\helpers\\ModalItem.js": {"path":"C:\\Web\\podcast app\\podcast-tune\\imports\\ui\\components\\helpers\\ModalItem.js","statementMap":{"0":{"start":{"line":4,"column":18},"end":{"line":24,"column":1}},"1":{"start":{"line":5,"column":2},"end":{"line":23,"column":4}},"2":{"start":{"line":26,"column":0},"end":{"line":29,"column":2}},"3":{"start":{"line":34,"column":2},"end":{"line":40,"column":8}}},"fnMap":{"0":{"name":"(anonymous_0)","decl":{"start":{"line":4,"column":18},"end":{"line":4,"column":19}},"loc":{"start":{"line":4,"column":50},"end":{"line":24,"column":1}},"line":4}},"branchMap":{"0":{"loc":{"start":{"line":4,"column":27},"end":{"line":4,"column":43}},"type":"default-arg","locations":[{"start":{"line":4,"column":38},"end":{"line":4,"column":43}}],"line":4},"1":{"loc":{"start":{"line":10,"column":35},"end":{"line":10,"column":76}},"type":"binary-expr","locations":[{"start":{"line":10,"column":35},"end":{"line":10,"column":57}},{"start":{"line":10,"column":61},"end":{"line":10,"column":76}}],"line":10},"2":{"loc":{"start":{"line":13,"column":9},"end":{"line":13,"column":38}},"type":"cond-expr","locations":[{"start":{"line":13,"column":20},"end":{"line":13,"column":31}},{"start":{"line":13,"column":34},"end":{"line":13,"column":38}}],"line":13}},"s":{"0":1,"1":0,"2":1,"3":1},"f":{"0":0},"b":{"0":[0],"1":[0,0],"2":[0,0]},"_coverageSchema":"332fd63041d2c1bcb487cc26dd0d5f7d97098a6c","hash":"b88cab6880ca6e4192320a72f304e663bcd4f1eb"}
,"C:\\Web\\podcast app\\podcast-tune\\imports\\ui\\components\\helpers\\SearchPopup.js": {"path":"C:\\Web\\podcast app\\podcast-tune\\imports\\ui\\components\\helpers\\SearchPopup.js","statementMap":{"0":{"start":{"line":10,"column":4},"end":{"line":10,"column":17}},"1":{"start":{"line":12,"column":4},"end":{"line":12,"column":39}},"2":{"start":{"line":14,"column":4},"end":{"line":17,"column":6}},"3":{"start":{"line":23,"column":4},"end":{"line":28,"column":6}},"4":{"start":{"line":26,"column":8},"end":{"line":26,"column":45}},"5":{"start":{"line":33,"column":4},"end":{"line":33,"column":35}},"6":{"start":{"line":34,"column":4},"end":{"line":38,"column":13}},"7":{"start":{"line":35,"column":6},"end":{"line":37,"column":7}},"8":{"start":{"line":36,"column":8},"end":{"line":36,"column":47}},"9":{"start":{"line":42,"column":4},"end":{"line":42,"column":23}},"10":{"start":{"line":46,"column":4},"end":{"line":46,"column":44}},"11":{"start":{"line":50,"column":42},"end":{"line":50,"column":52}},"12":{"start":{"line":51,"column":4},"end":{"line":74,"column":6}},"13":{"start":{"line":54,"column":30},"end":{"line":54,"column":53}},"14":{"start":{"line":57,"column":10},"end":{"line":57,"column":41}},"15":{"start":{"line":62,"column":29},"end":{"line":62,"column":49}},"16":{"start":{"line":69,"column":27},"end":{"line":69,"column":48}},"17":{"start":{"line":78,"column":0},"end":{"line":80,"column":2}}},"fnMap":{"0":{"name":"(anonymous_0)","decl":{"start":{"line":9,"column":2},"end":{"line":9,"column":3}},"loc":{"start":{"line":9,"column":21},"end":{"line":18,"column":3}},"line":9},"1":{"name":"(anonymous_1)","decl":{"start":{"line":22,"column":2},"end":{"line":22,"column":3}},"loc":{"start":{"line":22,"column":23},"end":{"line":29,"column":3}},"line":22},"2":{"name":"(anonymous_2)","decl":{"start":{"line":25,"column":6},"end":{"line":25,"column":7}},"loc":{"start":{"line":25,"column":12},"end":{"line":27,"column":7}},"line":25},"3":{"name":"(anonymous_3)","decl":{"start":{"line":31,"column":2},"end":{"line":31,"column":3}},"loc":{"start":{"line":31,"column":23},"end":{"line":39,"column":3}},"line":31},"4":{"name":"(anonymous_4)","decl":{"start":{"line":34,"column":34},"end":{"line":34,"column":35}},"loc":{"start":{"line":34,"column":40},"end":{"line":38,"column":5}},"line":34},"5":{"name":"(anonymous_5)","decl":{"start":{"line":41,"column":2},"end":{"line":41,"column":3}},"loc":{"start":{"line":41,"column":18},"end":{"line":43,"column":3}},"line":41},"6":{"name":"(anonymous_6)","decl":{"start":{"line":45,"column":2},"end":{"line":45,"column":3}},"loc":{"start":{"line":45,"column":21},"end":{"line":47,"column":3}},"line":45},"7":{"name":"(anonymous_7)","decl":{"start":{"line":49,"column":2},"end":{"line":49,"column":3}},"loc":{"start":{"line":49,"column":11},"end":{"line":75,"column":3}},"line":49},"8":{"name":"(anonymous_8)","decl":{"start":{"line":54,"column":24},"end":{"line":54,"column":25}},"loc":{"start":{"line":54,"column":30},"end":{"line":54,"column":53}},"line":54},"9":{"name":"(anonymous_9)","decl":{"start":{"line":56,"column":21},"end":{"line":56,"column":22}},"loc":{"start":{"line":56,"column":27},"end":{"line":58,"column":9}},"line":56},"10":{"name":"(anonymous_10)","decl":{"start":{"line":62,"column":24},"end":{"line":62,"column":25}},"loc":{"start":{"line":62,"column":29},"end":{"line":62,"column":49}},"line":62},"11":{"name":"(anonymous_11)","decl":{"start":{"line":69,"column":22},"end":{"line":69,"column":23}},"loc":{"start":{"line":69,"column":27},"end":{"line":69,"column":48}},"line":69}},"branchMap":{"0":{"loc":{"start":{"line":35,"column":6},"end":{"line":37,"column":7}},"type":"if","locations":[{"start":{"line":35,"column":6},"end":{"line":37,"column":7}},{"start":{"line":35,"column":6},"end":{"line":37,"column":7}}],"line":35},"1":{"loc":{"start":{"line":72,"column":9},"end":{"line":72,"column":73}},"type":"cond-expr","locations":[{"start":{"line":72,"column":25},"end":{"line":72,"column":66}},{"start":{"line":72,"column":69},"end":{"line":72,"column":73}}],"line":72}},"s":{"0":0,"1":0,"2":0,"3":0,"4":0,"5":0,"6":0,"7":0,"8":0,"9":0,"10":0,"11":0,"12":0,"13":0,"14":0,"15":0,"16":0,"17":1},"f":{"0":0,"1":0,"2":0,"3":0,"4":0,"5":0,"6":0,"7":0,"8":0,"9":0,"10":0,"11":0},"b":{"0":[0,0],"1":[0,0]},"_coverageSchema":"332fd63041d2c1bcb487cc26dd0d5f7d97098a6c","hash":"d1418dc78b4000b69eb4bf32176948edefdb42d4"}
,"C:\\Web\\podcast app\\podcast-tune\\imports\\ui\\components\\helpers\\SearchResults.js": {"path":"C:\\Web\\podcast app\\podcast-tune\\imports\\ui\\components\\helpers\\SearchResults.js","statementMap":{"0":{"start":{"line":12,"column":22},"end":{"line":19,"column":1}},"1":{"start":{"line":13,"column":2},"end":{"line":13,"column":33}},"2":{"start":{"line":13,"column":15},"end":{"line":13,"column":33}},"3":{"start":{"line":14,"column":2},"end":{"line":16,"column":3}},"4":{"start":{"line":15,"column":4},"end":{"line":15,"column":72}},"5":{"start":{"line":18,"column":2},"end":{"line":18,"column":76}},"6":{"start":{"line":22,"column":2},"end":{"line":22,"column":52}},"7":{"start":{"line":22,"column":16},"end":{"line":22,"column":52}},"8":{"start":{"line":23,"column":2},"end":{"line":34,"column":5}},"9":{"start":{"line":24,"column":4},"end":{"line":33,"column":6}},"10":{"start":{"line":27,"column":23},"end":{"line":27,"column":41}},"11":{"start":{"line":38,"column":2},"end":{"line":38,"column":42}},"12":{"start":{"line":41,"column":0},"end":{"line":45,"column":2}},"13":{"start":{"line":48,"column":60},"end":{"line":52,"column":3}},"14":{"start":{"line":54,"column":4},"end":{"line":58,"column":6}}},"fnMap":{"0":{"name":"(anonymous_0)","decl":{"start":{"line":12,"column":22},"end":{"line":12,"column":23}},"loc":{"start":{"line":12,"column":62},"end":{"line":19,"column":1}},"line":12},"1":{"name":"renderResults","decl":{"start":{"line":21,"column":9},"end":{"line":21,"column":22}},"loc":{"start":{"line":21,"column":32},"end":{"line":35,"column":1}},"line":21},"2":{"name":"(anonymous_2)","decl":{"start":{"line":23,"column":21},"end":{"line":23,"column":22}},"loc":{"start":{"line":23,"column":31},"end":{"line":34,"column":3}},"line":23},"3":{"name":"(anonymous_3)","decl":{"start":{"line":27,"column":17},"end":{"line":27,"column":18}},"loc":{"start":{"line":27,"column":23},"end":{"line":27,"column":41}},"line":27},"4":{"name":"closeSearchModal","decl":{"start":{"line":37,"column":9},"end":{"line":37,"column":25}},"loc":{"start":{"line":37,"column":28},"end":{"line":39,"column":1}},"line":37},"5":{"name":"(anonymous_5)","decl":{"start":{"line":48,"column":9},"end":{"line":48,"column":10}},"loc":{"start":{"line":48,"column":60},"end":{"line":52,"column":3}},"line":48},"6":{"name":"(anonymous_6)","decl":{"start":{"line":53,"column":11},"end":{"line":53,"column":12}},"loc":{"start":{"line":53,"column":20},"end":{"line":59,"column":3}},"line":53}},"branchMap":{"0":{"loc":{"start":{"line":13,"column":2},"end":{"line":13,"column":33}},"type":"if","locations":[{"start":{"line":13,"column":2},"end":{"line":13,"column":33}},{"start":{"line":13,"column":2},"end":{"line":13,"column":33}}],"line":13},"1":{"loc":{"start":{"line":14,"column":2},"end":{"line":16,"column":3}},"type":"if","locations":[{"start":{"line":14,"column":2},"end":{"line":16,"column":3}},{"start":{"line":14,"column":2},"end":{"line":16,"column":3}}],"line":14},"2":{"loc":{"start":{"line":22,"column":2},"end":{"line":22,"column":52}},"type":"if","locations":[{"start":{"line":22,"column":2},"end":{"line":22,"column":52}},{"start":{"line":22,"column":2},"end":{"line":22,"column":52}}],"line":22}},"s":{"0":1,"1":0,"2":0,"3":0,"4":0,"5":0,"6":0,"7":0,"8":0,"9":0,"10":0,"11":0,"12":1,"13":0,"14":0},"f":{"0":0,"1":0,"2":0,"3":0,"4":0,"5":0,"6":0},"b":{"0":[0,0],"1":[0,0],"2":[0,0]},"_coverageSchema":"332fd63041d2c1bcb487cc26dd0d5f7d97098a6c","hash":"5b13d53eaefe590a18e71ba8fe2d5491b8269e91"}
,"C:\\Web\\podcast app\\podcast-tune\\imports\\ui\\queries\\doSearch.js": {"path":"C:\\Web\\podcast app\\podcast-tune\\imports\\ui\\queries\\doSearch.js","statementMap":{},"fnMap":{},"branchMap":{},"s":{},"f":{},"b":{},"_coverageSchema":"332fd63041d2c1bcb487cc26dd0d5f7d97098a6c","hash":"a2e7c3b9abad23ae3367001461171519453f0ed3"}
,"C:\\Web\\podcast app\\podcast-tune\\imports\\ui\\queries\\getLoggedUser.js": {"path":"C:\\Web\\podcast app\\podcast-tune\\imports\\ui\\queries\\getLoggedUser.js","statementMap":{},"fnMap":{},"branchMap":{},"s":{},"f":{},"b":{},"_coverageSchema":"332fd63041d2c1bcb487cc26dd0d5f7d97098a6c","hash":"965eaba6601f106c334af0c941c681189e86b99b"}
,"C:\\Web\\podcast app\\podcast-tune\\imports\\ui\\utils\\logo.js": {"path":"C:\\Web\\podcast app\\podcast-tune\\imports\\ui\\utils\\logo.js","statementMap":{},"fnMap":{},"branchMap":{},"s":{},"f":{},"b":{},"_coverageSchema":"332fd63041d2c1bcb487cc26dd0d5f7d97098a6c","hash":"e1fcbbd7cece2f5b55a27f67fb259a1791956f0e"}
,"C:\\Web\\podcast app\\podcast-tune\\tests\\setupTests.js": {"path":"C:\\Web\\podcast app\\podcast-tune\\tests\\setupTests.js","statementMap":{"0":{"start":{"line":4,"column":0},"end":{"line":6,"column":3}}},"fnMap":{},"branchMap":{},"s":{"0":2},"f":{},"b":{},"_coverageSchema":"332fd63041d2c1bcb487cc26dd0d5f7d97098a6c","hash":"31fd0a5ffda83d6669ef64c4fa3985c52fde5dda"}
,"C:\\Web\\podcast app\\podcast-tune\\tests\\mocks\\accounts-base.js": {"path":"C:\\Web\\podcast app\\podcast-tune\\tests\\mocks\\accounts-base.js","statementMap":{},"fnMap":{},"branchMap":{},"s":{},"f":{},"b":{},"_coverageSchema":"332fd63041d2c1bcb487cc26dd0d5f7d97098a6c","hash":"2ce4c15634c329d3886240481dc3ea74e7076b62"}
,"C:\\Web\\podcast app\\podcast-tune\\tests\\mocks\\meteor.js": {"path":"C:\\Web\\podcast app\\podcast-tune\\tests\\mocks\\meteor.js","statementMap":{"0":{"start":{"line":1,"column":22},"end":{"line":3,"column":1}}},"fnMap":{},"branchMap":{},"s":{"0":1},"f":{},"b":{},"_coverageSchema":"332fd63041d2c1bcb487cc26dd0d5f7d97098a6c","hash":"d5733a38fc27d1fdd75ef0e66bfa5c606a4c1c34"}
,"C:\\Web\\podcast app\\podcast-tune\\tests\\mocks\\react-meteor-data.js": {"path":"C:\\Web\\podcast app\\podcast-tune\\tests\\mocks\\react-meteor-data.js","statementMap":{"0":{"start":{"line":3,"column":24},"end":{"line":3,"column":71}},"1":{"start":{"line":3,"column":61},"end":{"line":3,"column":70}},"2":{"start":{"line":5,"column":27},"end":{"line":5,"column":78}},"3":{"start":{"line":5,"column":41},"end":{"line":5,"column":77}},"4":{"start":{"line":5,"column":54},"end":{"line":5,"column":76}}},"fnMap":{"0":{"name":"(anonymous_0)","decl":{"start":{"line":3,"column":32},"end":{"line":3,"column":33}},"loc":{"start":{"line":3,"column":61},"end":{"line":3,"column":70}},"line":3},"1":{"name":"(anonymous_1)","decl":{"start":{"line":5,"column":35},"end":{"line":5,"column":36}},"loc":{"start":{"line":5,"column":41},"end":{"line":5,"column":77}},"line":5},"2":{"name":"(anonymous_2)","decl":{"start":{"line":5,"column":49},"end":{"line":5,"column":50}},"loc":{"start":{"line":5,"column":54},"end":{"line":5,"column":76}},"line":5}},"branchMap":{"0":{"loc":{"start":{"line":3,"column":33},"end":{"line":3,"column":45}},"type":"default-arg","locations":[{"start":{"line":3,"column":43},"end":{"line":3,"column":45}}],"line":3}},"s":{"0":2,"1":2,"2":2,"3":2,"4":2},"f":{"0":2,"1":2,"2":2},"b":{"0":[0]},"_coverageSchema":"332fd63041d2c1bcb487cc26dd0d5f7d97098a6c","hash":"f63d21ad58e6637af8dd9c066ddbc45725e11979"}
,"C:\\Web\\podcast app\\podcast-tune\\tests\\mocks\\session.js": {"path":"C:\\Web\\podcast app\\podcast-tune\\tests\\mocks\\session.js","statementMap":{"0":{"start":{"line":1,"column":13},"end":{"line":1,"column":15}},"1":{"start":{"line":3,"column":23},"end":{"line":6,"column":1}},"2":{"start":{"line":4,"column":53},"end":{"line":4,"column":70}},"3":{"start":{"line":5,"column":43},"end":{"line":5,"column":52}}},"fnMap":{"0":{"name":"(anonymous_0)","decl":{"start":{"line":4,"column":36},"end":{"line":4,"column":37}},"loc":{"start":{"line":4,"column":53},"end":{"line":4,"column":70}},"line":4},"1":{"name":"(anonymous_1)","decl":{"start":{"line":5,"column":36},"end":{"line":5,"column":37}},"loc":{"start":{"line":5,"column":43},"end":{"line":5,"column":52}},"line":5}},"branchMap":{},"s":{"0":2,"1":2,"2":1,"3":2},"f":{"0":1,"1":2},"b":{},"_coverageSchema":"332fd63041d2c1bcb487cc26dd0d5f7d97098a6c","hash":"3a2ca27e2e711f3ac445af0934febe3dd3f8ef7f"}
}
